<INFO> 15-Jul-2017::12:48:09.558 secu confd[18678]: - Writing daemon log to /home/secu/Hackathon/Hackathon-99/FullVersion/NSF/Firewall/confd.log
<INFO> 15-Jul-2017::12:48:09.569 secu confd[18678]: - Writing NETCONF log to /home/secu/Hackathon/Hackathon-99/FullVersion/NSF/Firewall/netconf.log
<INFO> 15-Jul-2017::12:48:09.569 secu confd[18678]: - Writing audit log to /home/secu/Hackathon/Hackathon-99/FullVersion/NSF/Firewall/audit.log
<INFO> 15-Jul-2017::12:48:09.569 secu confd[18678]: - Writing developer log to /home/secu/Hackathon/Hackathon-99/FullVersion/NSF/Firewall/devel.log
<INFO> 15-Jul-2017::12:48:09.569 secu confd[18678]: - Daemon logging started
<DEBUG> 15-Jul-2017::12:48:09.633 secu confd[18678]: - Loading file ../../../../../confd-6.2/etc/confd/iana-crypt-hash.fxs
<DEBUG> 15-Jul-2017::12:48:09.635 secu confd[18678]: - Loading file ../../../../../confd-6.2/etc/confd/ietf-inet-types.fxs
<DEBUG> 15-Jul-2017::12:48:09.637 secu confd[18678]: - Loading file ../../../../../confd-6.2/etc/confd/ietf-yang-types.fxs
<DEBUG> 15-Jul-2017::12:48:09.639 secu confd[18678]: - Loading file ../../../../../confd-6.2/etc/confd/ietf-netconf-monitoring.fxs
<DEBUG> 15-Jul-2017::12:48:09.646 secu confd[18678]: - Loading file ../../../../../confd-6.2/etc/confd/tailf-common-monitoring.fxs
<DEBUG> 15-Jul-2017::12:48:09.649 secu confd[18678]: - Loading file ../../../../../confd-6.2/etc/confd/ietf-netconf-acm.fxs
<DEBUG> 15-Jul-2017::12:48:09.651 secu confd[18678]: - Loading file ../../../../../confd-6.2/etc/confd/ietf-yang-library.fxs
<DEBUG> 15-Jul-2017::12:48:09.653 secu confd[18678]: - Loading file ../../../../../confd-6.2/etc/confd/ietf-netconf-notifications.fxs
<DEBUG> 15-Jul-2017::12:48:09.658 secu confd[18678]: - Loading file ../../../../../confd-6.2/etc/confd/tailf-netconf-monitoring.fxs
<DEBUG> 15-Jul-2017::12:48:09.669 secu confd[18678]: - Loading file ../../../../../confd-6.2/etc/confd/tailf-confd-monitoring.fxs
<DEBUG> 15-Jul-2017::12:48:09.677 secu confd[18678]: - Loading file ../../../../../confd-6.2/etc/confd/tailf-acm.fxs
<DEBUG> 15-Jul-2017::12:48:09.682 secu confd[18678]: - Loading file ../../../../../confd-6.2/etc/confd/tailf-kicker.fxs
<DEBUG> 15-Jul-2017::12:48:09.687 secu confd[18678]: - Loading file ../../../../../confd-6.2/etc/confd/tailf-aaa.fxs
<DEBUG> 15-Jul-2017::12:48:09.693 secu confd[18678]: - Loading file ./nsf-facing-interface.fxs
<DEBUG> 15-Jul-2017::12:48:09.726 secu confd[18678]: - Loading file ./commands-c.ccl
<DEBUG> 15-Jul-2017::12:48:09.750 secu confd[18678]: - Loading file ./commands-j.ccl
<DEBUG> 15-Jul-2017::12:48:09.757 secu confd[18678]: - Loading file ../../../../../confd-6.2/etc/confd/confd.ccl
<INFO> 15-Jul-2017::12:48:09.986 secu confd[18678]: - Starting to listen for Internal IPC on 127.0.0.1:4565
<INFO> 15-Jul-2017::12:48:10.791 secu confd[18678]: - CDB load: processing file: ./confd-cdb/aaa_init.xml
<INFO> 15-Jul-2017::12:48:11.278 secu confd[18678]: - Starting to listen for NETCONF SSH on 0.0.0.0:2022
<INFO> 15-Jul-2017::12:48:11.393 secu confd[18678]: - Starting to listen for NETCONF TCP on 127.0.0.1:2023
<INFO> 15-Jul-2017::12:48:11.555 secu confd[18678]: - Starting to listen for CLI SSH on 0.0.0.0:2024
<INFO> 15-Jul-2017::12:48:11.746 secu confd[18678]: - ConfD started vsn: 6.2
