<INFO> 10-Oct-2016::22:34:26.370 secu confd[19081]: netconf id=12 new ssh session for user "admin" from 10.0.0.3
<INFO> 10-Oct-2016::22:34:26.420 secu confd[19081]: netconf id=12 got rpc: {urn:ietf:params:xml:ns:netconf:base:1.0}edit-config attrs: message-id="1"
<INFO> 10-Oct-2016::22:34:26.454 secu confd[19081]: netconf id=12 edit-config target=running attrs: message-id="1"
<INFO> 10-Oct-2016::22:34:26.495 secu confd[19081]: netconf id=12 sending rpc-reply, attrs: message-id="1"
<INFO> 10-Oct-2016::22:34:26.498 secu confd[19081]: netconf id=12 close-session attrs: message-id="2"
<INFO> 10-Oct-2016::22:34:26.498 secu confd[19081]: netconf id=12 sending rpc-reply, attrs: message-id="2"
<INFO> 11-Oct-2016::11:59:03.897 secu confd[53056]: netconf id=12 new ssh session for user "admin" from 10.0.0.3
<INFO> 11-Oct-2016::11:59:03.918 secu confd[53056]: netconf id=12 got rpc: {urn:ietf:params:xml:ns:netconf:base:1.0}edit-config attrs: message-id="1"
<INFO> 11-Oct-2016::11:59:03.946 secu confd[53056]: netconf id=12 edit-config target=running attrs: message-id="1"
<INFO> 11-Oct-2016::11:59:03.982 secu confd[53056]: netconf id=12 sending rpc-reply, attrs: message-id="1"
<INFO> 11-Oct-2016::11:59:04.001 secu confd[53056]: netconf id=12 close-session attrs: message-id="2"
<INFO> 11-Oct-2016::11:59:04.001 secu confd[53056]: netconf id=12 sending rpc-reply, attrs: message-id="2"
<INFO> 11-Oct-2016::11:59:39.452 secu confd[53056]: netconf id=13 new ssh session for user "admin" from 10.0.0.3
<INFO> 11-Oct-2016::11:59:39.459 secu confd[53056]: netconf id=13 got rpc: {urn:ietf:params:xml:ns:netconf:base:1.0}edit-config attrs: message-id="1"
<INFO> 11-Oct-2016::11:59:39.475 secu confd[53056]: netconf id=13 edit-config target=running attrs: message-id="1"
<INFO> 11-Oct-2016::11:59:39.492 secu confd[53056]: netconf id=13 sending rpc-reply, attrs: message-id="1"
<INFO> 11-Oct-2016::11:59:39.495 secu confd[53056]: netconf id=13 close-session attrs: message-id="2"
<INFO> 11-Oct-2016::11:59:39.495 secu confd[53056]: netconf id=13 sending rpc-reply, attrs: message-id="2"
<INFO> 11-Oct-2016::11:59:48.150 secu confd[53056]: netconf id=14 new ssh session for user "admin" from 10.0.0.3
<INFO> 11-Oct-2016::11:59:48.161 secu confd[53056]: netconf id=14 got rpc: {urn:ietf:params:xml:ns:netconf:base:1.0}edit-config attrs: message-id="1"
<INFO> 11-Oct-2016::11:59:48.192 secu confd[53056]: netconf id=14 edit-config target=running attrs: message-id="1"
<INFO> 11-Oct-2016::11:59:48.245 secu confd[53056]: netconf id=14 sending rpc-reply, attrs: message-id="1"
<INFO> 11-Oct-2016::11:59:48.250 secu confd[53056]: netconf id=14 close-session attrs: message-id="2"
<INFO> 11-Oct-2016::11:59:48.252 secu confd[53056]: netconf id=14 sending rpc-reply, attrs: message-id="2"
<INFO> 11-Oct-2016::12:02:01.710 secu confd[53056]: netconf id=15 new ssh session for user "admin" from 10.0.0.3
<INFO> 11-Oct-2016::12:02:01.721 secu confd[53056]: netconf id=15 got rpc: {urn:ietf:params:xml:ns:netconf:base:1.0}edit-config attrs: message-id="1"
<INFO> 11-Oct-2016::12:02:01.752 secu confd[53056]: netconf id=15 edit-config target=running attrs: message-id="1"
<INFO> 11-Oct-2016::12:02:01.784 secu confd[53056]: netconf id=15 sending rpc-reply, attrs: message-id="1"
<INFO> 11-Oct-2016::12:02:01.786 secu confd[53056]: netconf id=15 close-session attrs: message-id="2"
<INFO> 11-Oct-2016::12:02:01.786 secu confd[53056]: netconf id=15 sending rpc-reply, attrs: message-id="2"
<INFO> 11-Oct-2016::16:07:23.262 secu confd[74676]: netconf id=12 new ssh session for user "admin" from 10.0.0.4
<INFO> 11-Oct-2016::16:07:23.284 secu confd[74676]: netconf id=12 got rpc: {urn:ietf:params:xml:ns:netconf:base:1.0}edit-config attrs: message-id="1"
<INFO> 11-Oct-2016::16:07:23.304 secu confd[74676]: netconf id=12 unknown element: /rpc/edit-config/config/nsc:policy/nsc:rules/nsc:condition/packet-sec-condition
<INFO> 11-Oct-2016::16:07:23.304 secu confd[74676]: netconf id=12 sending rpc-reply, attrs: message-id="1"
<INFO> 11-Oct-2016::16:07:23.310 secu confd[74676]: netconf id=12 close-session attrs: message-id="2"
<INFO> 11-Oct-2016::16:07:23.311 secu confd[74676]: netconf id=12 sending rpc-reply, attrs: message-id="2"
<INFO> 11-Oct-2016::16:12:20.772 secu confd[74676]: netconf id=13 new ssh session for user "admin" from 10.0.0.4
<INFO> 11-Oct-2016::16:12:20.779 secu confd[74676]: netconf id=13 got rpc: {urn:ietf:params:xml:ns:netconf:base:1.0}edit-config attrs: message-id="1"
<INFO> 11-Oct-2016::16:12:20.795 secu confd[74676]: netconf id=13 edit-config target=running attrs: message-id="1"
<INFO> 11-Oct-2016::16:12:20.851 secu confd[74676]: netconf id=13 sending rpc-reply, attrs: message-id="1"
<INFO> 11-Oct-2016::16:12:20.854 secu confd[74676]: netconf id=13 close-session attrs: message-id="2"
<INFO> 11-Oct-2016::16:12:20.854 secu confd[74676]: netconf id=13 sending rpc-reply, attrs: message-id="2"
<INFO> 11-Oct-2016::16:18:35.562 secu confd[76585]: netconf id=12 new ssh session for user "admin" from 10.0.0.4
<INFO> 11-Oct-2016::16:18:35.582 secu confd[76585]: netconf id=12 got rpc: {urn:ietf:params:xml:ns:netconf:base:1.0}edit-config attrs: message-id="1"
<INFO> 11-Oct-2016::16:18:35.605 secu confd[76585]: netconf id=12 edit-config target=running attrs: message-id="1"
<INFO> 11-Oct-2016::16:18:35.642 secu confd[76585]: netconf id=12 sending rpc-reply, attrs: message-id="1"
<INFO> 11-Oct-2016::16:18:35.658 secu confd[76585]: netconf id=12 close-session attrs: message-id="2"
<INFO> 11-Oct-2016::16:18:35.658 secu confd[76585]: netconf id=12 sending rpc-reply, attrs: message-id="2"
<INFO> 11-Oct-2016::16:18:59.157 secu confd[76585]: netconf id=13 new ssh session for user "admin" from 10.0.0.4
<INFO> 11-Oct-2016::16:18:59.162 secu confd[76585]: netconf id=13 got rpc: {urn:ietf:params:xml:ns:netconf:base:1.0}edit-config attrs: message-id="1"
<INFO> 11-Oct-2016::16:18:59.179 secu confd[76585]: netconf id=13 edit-config target=running attrs: message-id="1"
<INFO> 11-Oct-2016::16:18:59.196 secu confd[76585]: netconf id=13 sending rpc-reply, attrs: message-id="1"
<INFO> 11-Oct-2016::16:18:59.199 secu confd[76585]: netconf id=13 close-session attrs: message-id="2"
<INFO> 11-Oct-2016::16:18:59.199 secu confd[76585]: netconf id=13 sending rpc-reply, attrs: message-id="2"
<INFO> 12-Oct-2016::02:40:07.666 secu confd[18432]: netconf id=12 new ssh session for user "admin" from 10.0.0.101
<INFO> 12-Oct-2016::02:40:07.698 secu confd[18432]: netconf id=12 got rpc: {urn:ietf:params:xml:ns:netconf:base:1.0}edit-config attrs: message-id="1"
<INFO> 12-Oct-2016::02:40:07.720 secu confd[18432]: netconf id=12 unknown element: /rpc/edit-config/config/nsc:policy/nsc:rules/nsc:condition/packet-sec-condition
<INFO> 12-Oct-2016::02:40:07.721 secu confd[18432]: netconf id=12 sending rpc-reply, attrs: message-id="1"
<INFO> 12-Oct-2016::02:40:07.726 secu confd[18432]: netconf id=12 close-session attrs: message-id="2"
<INFO> 12-Oct-2016::02:40:07.727 secu confd[18432]: netconf id=12 sending rpc-reply, attrs: message-id="2"
<INFO> 12-Oct-2016::02:44:40.137 secu confd[20046]: netconf id=12 new ssh session for user "admin" from 10.0.0.101
<INFO> 12-Oct-2016::02:44:40.157 secu confd[20046]: netconf id=12 got rpc: {urn:ietf:params:xml:ns:netconf:base:1.0}edit-config attrs: message-id="1"
<INFO> 12-Oct-2016::02:44:40.186 secu confd[20046]: netconf id=12 edit-config target=running attrs: message-id="1"
<INFO> 12-Oct-2016::02:44:40.246 secu confd[20046]: netconf id=12 sending rpc-reply, attrs: message-id="1"
<INFO> 12-Oct-2016::02:44:40.247 secu confd[20046]: netconf id=12 close-session attrs: message-id="2"
<INFO> 12-Oct-2016::02:44:40.247 secu confd[20046]: netconf id=12 sending rpc-reply, attrs: message-id="2"
<INFO> 12-Oct-2016::23:01:23.728 secu confd[35230]: netconf id=12 new ssh session for user "admin" from 10.0.0.101
<INFO> 12-Oct-2016::23:01:23.758 secu confd[35230]: netconf id=12 got rpc: {urn:ietf:params:xml:ns:netconf:base:1.0}edit-config attrs: message-id="1"
<INFO> 12-Oct-2016::23:01:23.784 secu confd[35230]: netconf id=12 edit-config target=running attrs: message-id="1"
<INFO> 12-Oct-2016::23:01:24.278 secu confd[35230]: netconf id=12 sending rpc-reply, attrs: message-id="1"
<INFO> 12-Oct-2016::23:01:24.287 secu confd[35230]: netconf id=12 close-session attrs: message-id="2"
<INFO> 12-Oct-2016::23:01:24.287 secu confd[35230]: netconf id=12 sending rpc-reply, attrs: message-id="2"
<INFO> 12-Oct-2016::23:06:08.278 secu confd[36685]: netconf id=12 new ssh session for user "admin" from 10.0.0.101
<INFO> 12-Oct-2016::23:06:08.295 secu confd[36685]: netconf id=12 got rpc: {urn:ietf:params:xml:ns:netconf:base:1.0}edit-config attrs: message-id="1"
<INFO> 12-Oct-2016::23:06:08.319 secu confd[36685]: netconf id=12 edit-config target=running attrs: message-id="1"
<INFO> 12-Oct-2016::23:06:08.376 secu confd[36685]: netconf id=12 sending rpc-reply, attrs: message-id="1"
<INFO> 12-Oct-2016::23:06:08.377 secu confd[36685]: netconf id=12 close-session attrs: message-id="2"
<INFO> 12-Oct-2016::23:06:08.377 secu confd[36685]: netconf id=12 sending rpc-reply, attrs: message-id="2"
<INFO> 13-Oct-2016::03:31:43.589 secu confd[75885]: netconf id=12 new ssh session for user "admin" from 10.0.0.101
<INFO> 13-Oct-2016::03:31:43.611 secu confd[75885]: netconf id=12 got rpc: {urn:ietf:params:xml:ns:netconf:base:1.0}edit-config attrs: message-id="1"
<INFO> 13-Oct-2016::03:31:43.639 secu confd[75885]: netconf id=12 edit-config target=running attrs: message-id="1"
<INFO> 13-Oct-2016::03:31:43.731 secu confd[75885]: netconf id=12 sending rpc-reply, attrs: message-id="1"
<INFO> 13-Oct-2016::03:31:43.733 secu confd[75885]: netconf id=12 close-session attrs: message-id="2"
<INFO> 13-Oct-2016::03:31:43.733 secu confd[75885]: netconf id=12 sending rpc-reply, attrs: message-id="2"
<INFO> 13-Oct-2016::04:51:16.267 secu confd[82083]: netconf id=12 new ssh session for user "admin" from 10.0.0.101
<INFO> 13-Oct-2016::04:51:16.287 secu confd[82083]: netconf id=12 got rpc: {urn:ietf:params:xml:ns:netconf:base:1.0}edit-config attrs: message-id="1"
<INFO> 13-Oct-2016::04:51:16.314 secu confd[82083]: netconf id=12 edit-config target=running attrs: message-id="1"
<INFO> 13-Oct-2016::04:51:16.378 secu confd[82083]: netconf id=12 sending rpc-reply, attrs: message-id="1"
<INFO> 13-Oct-2016::04:51:16.379 secu confd[82083]: netconf id=12 close-session attrs: message-id="2"
<INFO> 13-Oct-2016::04:51:16.379 secu confd[82083]: netconf id=12 sending rpc-reply, attrs: message-id="2"
<INFO> 13-Oct-2016::04:51:50.796 secu confd[82083]: netconf id=13 new ssh session for user "admin" from 10.0.0.101
<INFO> 13-Oct-2016::04:51:50.800 secu confd[82083]: netconf id=13 got rpc: {urn:ietf:params:xml:ns:netconf:base:1.0}edit-config attrs: message-id="1"
<INFO> 13-Oct-2016::04:51:50.819 secu confd[82083]: netconf id=13 edit-config target=running attrs: message-id="1"
<INFO> 13-Oct-2016::04:51:50.836 secu confd[82083]: netconf id=13 sending rpc-reply, attrs: message-id="1"
<INFO> 13-Oct-2016::04:51:50.850 secu confd[82083]: netconf id=13 close-session attrs: message-id="2"
<INFO> 13-Oct-2016::04:51:50.850 secu confd[82083]: netconf id=13 sending rpc-reply, attrs: message-id="2"
<INFO> 13-Oct-2016::04:52:05.943 secu confd[82083]: netconf id=14 new ssh session for user "admin" from 10.0.0.101
<INFO> 13-Oct-2016::04:52:05.947 secu confd[82083]: netconf id=14 got rpc: {urn:ietf:params:xml:ns:netconf:base:1.0}edit-config attrs: message-id="1"
<INFO> 13-Oct-2016::04:52:05.968 secu confd[82083]: netconf id=14 edit-config target=running attrs: message-id="1"
<INFO> 13-Oct-2016::04:52:06.003 secu confd[82083]: netconf id=14 sending rpc-reply, attrs: message-id="1"
<INFO> 13-Oct-2016::04:52:06.004 secu confd[82083]: netconf id=14 close-session attrs: message-id="2"
<INFO> 13-Oct-2016::04:52:06.004 secu confd[82083]: netconf id=14 sending rpc-reply, attrs: message-id="2"
<INFO> 13-Oct-2016::05:57:42.969 secu confd[85648]: netconf id=12 new ssh session for user "admin" from 10.0.0.101
<INFO> 13-Oct-2016::05:57:42.990 secu confd[85648]: netconf id=12 got rpc: {urn:ietf:params:xml:ns:netconf:base:1.0}edit-config attrs: message-id="1"
<INFO> 13-Oct-2016::05:57:43.016 secu confd[85648]: netconf id=12 edit-config target=running attrs: message-id="1"
<INFO> 13-Oct-2016::05:57:43.060 secu confd[85648]: netconf id=12 sending rpc-reply, attrs: message-id="1"
<INFO> 13-Oct-2016::05:57:43.061 secu confd[85648]: netconf id=12 close-session attrs: message-id="2"
<INFO> 13-Oct-2016::05:57:43.061 secu confd[85648]: netconf id=12 sending rpc-reply, attrs: message-id="2"
<INFO> 13-Oct-2016::09:28:10.787 secu confd[90926]: netconf id=12 new ssh session for user "admin" from 10.0.0.101
<INFO> 13-Oct-2016::09:28:10.811 secu confd[90926]: netconf id=12 got rpc: {urn:ietf:params:xml:ns:netconf:base:1.0}edit-config attrs: message-id="1"
<INFO> 13-Oct-2016::09:28:10.840 secu confd[90926]: netconf id=12 edit-config target=running attrs: message-id="1"
<INFO> 13-Oct-2016::09:28:10.891 secu confd[90926]: netconf id=12 sending rpc-reply, attrs: message-id="1"
<INFO> 13-Oct-2016::09:28:10.895 secu confd[90926]: netconf id=12 close-session attrs: message-id="2"
<INFO> 13-Oct-2016::09:28:10.895 secu confd[90926]: netconf id=12 sending rpc-reply, attrs: message-id="2"
<INFO> 13-Oct-2016::09:37:27.235 secu confd[97828]: netconf id=12 new ssh session for user "admin" from 10.0.0.101
<INFO> 13-Oct-2016::09:37:27.257 secu confd[97828]: netconf id=12 got rpc: {urn:ietf:params:xml:ns:netconf:base:1.0}edit-config attrs: message-id="1"
<INFO> 13-Oct-2016::09:37:27.288 secu confd[97828]: netconf id=12 edit-config target=running attrs: message-id="1"
<INFO> 13-Oct-2016::09:37:27.366 secu confd[97828]: netconf id=12 sending rpc-reply, attrs: message-id="1"
<INFO> 13-Oct-2016::09:37:27.367 secu confd[97828]: netconf id=12 close-session attrs: message-id="2"
<INFO> 13-Oct-2016::09:37:27.367 secu confd[97828]: netconf id=12 sending rpc-reply, attrs: message-id="2"
<INFO> 13-Oct-2016::16:59:14.538 secu confd[112786]: netconf id=12 new ssh session for user "admin" from 10.0.0.101
<INFO> 13-Oct-2016::16:59:14.571 secu confd[112786]: netconf id=12 got rpc: {urn:ietf:params:xml:ns:netconf:base:1.0}edit-config attrs: message-id="1"
<INFO> 13-Oct-2016::16:59:14.608 secu confd[112786]: netconf id=12 edit-config target=running attrs: message-id="1"
<INFO> 13-Oct-2016::16:59:14.676 secu confd[112786]: netconf id=12 sending rpc-reply, attrs: message-id="1"
<INFO> 13-Oct-2016::16:59:14.678 secu confd[112786]: netconf id=12 close-session attrs: message-id="2"
<INFO> 13-Oct-2016::16:59:14.678 secu confd[112786]: netconf id=12 sending rpc-reply, attrs: message-id="2"
<INFO> 13-Oct-2016::17:01:54.847 secu confd[112786]: netconf id=13 new ssh session for user "admin" from 10.0.0.101
<INFO> 13-Oct-2016::17:01:54.851 secu confd[112786]: netconf id=13 got rpc: {urn:ietf:params:xml:ns:netconf:base:1.0}edit-config attrs: message-id="1"
<INFO> 13-Oct-2016::17:01:54.879 secu confd[112786]: netconf id=13 edit-config target=running attrs: message-id="1"
<INFO> 13-Oct-2016::17:01:54.895 secu confd[112786]: netconf id=13 sending rpc-reply, attrs: message-id="1"
<INFO> 13-Oct-2016::17:01:54.899 secu confd[112786]: netconf id=13 close-session attrs: message-id="2"
<INFO> 13-Oct-2016::17:01:54.899 secu confd[112786]: netconf id=13 sending rpc-reply, attrs: message-id="2"
<INFO> 13-Oct-2016::17:19:08.942 secu confd[114911]: netconf id=12 new ssh session for user "admin" from 10.0.0.101
<INFO> 13-Oct-2016::17:19:08.994 secu confd[114911]: netconf id=12 got rpc: {urn:ietf:params:xml:ns:netconf:base:1.0}edit-config attrs: message-id="1"
<INFO> 13-Oct-2016::17:19:09.071 secu confd[114911]: netconf id=12 edit-config target=running attrs: message-id="1"
<INFO> 13-Oct-2016::17:19:09.197 secu confd[114911]: netconf id=12 sending rpc-reply, attrs: message-id="1"
<INFO> 13-Oct-2016::17:19:09.198 secu confd[114911]: netconf id=12 close-session attrs: message-id="2"
<INFO> 13-Oct-2016::17:19:09.198 secu confd[114911]: netconf id=12 sending rpc-reply, attrs: message-id="2"
<INFO> 13-Oct-2016::17:31:04.824 secu confd[116678]: netconf id=12 new ssh session for user "admin" from 10.0.0.101
<INFO> 13-Oct-2016::17:31:04.854 secu confd[116678]: netconf id=12 got rpc: {urn:ietf:params:xml:ns:netconf:base:1.0}edit-config attrs: message-id="1"
<INFO> 13-Oct-2016::17:31:04.886 secu confd[116678]: netconf id=12 edit-config target=running attrs: message-id="1"
<INFO> 13-Oct-2016::17:31:04.933 secu confd[116678]: netconf id=12 sending rpc-reply, attrs: message-id="1"
<INFO> 13-Oct-2016::17:31:04.934 secu confd[116678]: netconf id=12 close-session attrs: message-id="2"
<INFO> 13-Oct-2016::17:31:04.935 secu confd[116678]: netconf id=12 sending rpc-reply, attrs: message-id="2"
<INFO> 14-Oct-2016::02:29:20.226 secu confd[32516]: netconf id=12 new ssh session for user "admin" from 10.0.0.101
<INFO> 14-Oct-2016::02:29:20.310 secu confd[32516]: netconf id=12 got rpc: {urn:ietf:params:xml:ns:netconf:base:1.0}edit-config attrs: message-id="1"
<INFO> 14-Oct-2016::02:29:20.349 secu confd[32516]: netconf id=12 edit-config target=running attrs: message-id="1"
<INFO> 14-Oct-2016::02:29:20.422 secu confd[32516]: netconf id=12 sending rpc-reply, attrs: message-id="1"
<INFO> 14-Oct-2016::02:29:20.423 secu confd[32516]: netconf id=12 close-session attrs: message-id="2"
<INFO> 14-Oct-2016::02:29:20.423 secu confd[32516]: netconf id=12 sending rpc-reply, attrs: message-id="2"
<INFO> 17-Oct-2016::13:22:47.073 secu confd[4312]: netconf id=12 new ssh session for user "admin" from 10.0.0.101
<INFO> 17-Oct-2016::13:22:47.129 secu confd[4312]: netconf id=12 got rpc: {urn:ietf:params:xml:ns:netconf:base:1.0}edit-config attrs: message-id="1"
<INFO> 17-Oct-2016::13:22:47.170 secu confd[4312]: netconf id=12 edit-config target=running attrs: message-id="1"
<INFO> 17-Oct-2016::13:22:47.261 secu confd[4312]: netconf id=12 sending rpc-reply, attrs: message-id="1"
<INFO> 17-Oct-2016::13:22:47.262 secu confd[4312]: netconf id=12 close-session attrs: message-id="2"
<INFO> 17-Oct-2016::13:22:47.262 secu confd[4312]: netconf id=12 sending rpc-reply, attrs: message-id="2"
<INFO> 17-Oct-2016::13:23:28.483 secu confd[4312]: netconf id=13 new ssh session for user "admin" from 10.0.0.101
<INFO> 17-Oct-2016::13:23:28.486 secu confd[4312]: netconf id=13 got rpc: {urn:ietf:params:xml:ns:netconf:base:1.0}edit-config attrs: message-id="1"
<INFO> 17-Oct-2016::13:23:28.503 secu confd[4312]: netconf id=13 edit-config target=running attrs: message-id="1"
<INFO> 17-Oct-2016::13:23:28.535 secu confd[4312]: netconf id=13 sending rpc-reply, attrs: message-id="1"
<INFO> 17-Oct-2016::13:23:28.536 secu confd[4312]: netconf id=13 close-session attrs: message-id="2"
<INFO> 17-Oct-2016::13:23:28.536 secu confd[4312]: netconf id=13 sending rpc-reply, attrs: message-id="2"
<INFO> 4-Nov-2016::07:08:13.756 secu confd[13339]: netconf id=12 new ssh session for user "admin" from 10.0.0.101
<INFO> 4-Nov-2016::07:08:13.788 secu confd[13339]: netconf id=12 got rpc: {urn:ietf:params:xml:ns:netconf:base:1.0}edit-config attrs: message-id="1"
<INFO> 4-Nov-2016::07:08:13.823 secu confd[13339]: netconf id=12 edit-config target=running attrs: message-id="1"
<INFO> 4-Nov-2016::07:08:13.874 secu confd[13339]: netconf id=12 sending rpc-reply, attrs: message-id="1"
<INFO> 4-Nov-2016::07:08:13.875 secu confd[13339]: netconf id=12 close-session attrs: message-id="2"
<INFO> 4-Nov-2016::07:08:13.875 secu confd[13339]: netconf id=12 sending rpc-reply, attrs: message-id="2"
<INFO> 7-Nov-2016::14:08:21.495 secu confd[115028]: netconf id=12 new ssh session for user "admin" from 10.0.0.101
<INFO> 7-Nov-2016::14:08:21.545 secu confd[115028]: netconf id=12 got rpc: {urn:ietf:params:xml:ns:netconf:base:1.0}edit-config attrs: message-id="1"
<INFO> 7-Nov-2016::14:08:21.605 secu confd[115028]: netconf id=12 edit-config target=running attrs: message-id="1"
<INFO> 7-Nov-2016::14:08:21.679 secu confd[115028]: netconf id=12 sending rpc-reply, attrs: message-id="1"
<INFO> 7-Nov-2016::14:08:21.683 secu confd[115028]: netconf id=12 close-session attrs: message-id="2"
<INFO> 7-Nov-2016::14:08:21.683 secu confd[115028]: netconf id=12 sending rpc-reply, attrs: message-id="2"
<INFO> 7-Nov-2016::14:13:30.658 secu confd[122671]: netconf id=12 new ssh session for user "admin" from 10.0.0.101
<INFO> 7-Nov-2016::14:13:30.679 secu confd[122671]: netconf id=12 got rpc: {urn:ietf:params:xml:ns:netconf:base:1.0}edit-config attrs: message-id="1"
<INFO> 7-Nov-2016::14:13:30.708 secu confd[122671]: netconf id=12 edit-config target=running attrs: message-id="1"
<INFO> 7-Nov-2016::14:13:30.750 secu confd[122671]: netconf id=12 sending rpc-reply, attrs: message-id="1"
<INFO> 7-Nov-2016::14:13:30.752 secu confd[122671]: netconf id=12 close-session attrs: message-id="2"
<INFO> 7-Nov-2016::14:13:30.752 secu confd[122671]: netconf id=12 sending rpc-reply, attrs: message-id="2"
<INFO> 9-Nov-2016::07:13:38.311 secu confd[4250]: netconf id=12 new ssh session for user "admin" from 10.0.0.101
<INFO> 9-Nov-2016::07:13:38.356 secu confd[4250]: netconf id=12 got rpc: {urn:ietf:params:xml:ns:netconf:base:1.0}edit-config attrs: message-id="1"
<INFO> 9-Nov-2016::07:13:38.397 secu confd[4250]: netconf id=12 edit-config target=running attrs: message-id="1"
<INFO> 9-Nov-2016::07:13:38.440 secu confd[4250]: netconf id=12 sending rpc-reply, attrs: message-id="1"
<INFO> 9-Nov-2016::07:13:38.441 secu confd[4250]: netconf id=12 close-session attrs: message-id="2"
<INFO> 9-Nov-2016::07:13:38.441 secu confd[4250]: netconf id=12 sending rpc-reply, attrs: message-id="2"
<INFO> 9-Nov-2016::07:17:42.648 secu confd[4250]: netconf id=13 new ssh session for user "admin" from 10.0.0.101
<INFO> 9-Nov-2016::07:17:42.653 secu confd[4250]: netconf id=13 got rpc: {urn:ietf:params:xml:ns:netconf:base:1.0}edit-config attrs: message-id="1"
<INFO> 9-Nov-2016::07:17:42.674 secu confd[4250]: netconf id=13 unknown element: /rpc/edit-config/config/nsc:policy/voip-volte-rule
<INFO> 9-Nov-2016::07:17:42.674 secu confd[4250]: netconf id=13 sending rpc-reply, attrs: message-id="1"
<INFO> 9-Nov-2016::07:17:42.679 secu confd[4250]: netconf id=13 close-session attrs: message-id="2"
<INFO> 9-Nov-2016::07:17:42.680 secu confd[4250]: netconf id=13 sending rpc-reply, attrs: message-id="2"
<INFO> 9-Nov-2016::07:20:50.129 secu confd[4250]: netconf id=14 new ssh session for user "admin" from 10.0.0.101
<INFO> 9-Nov-2016::07:20:50.132 secu confd[4250]: netconf id=14 got rpc: {urn:ietf:params:xml:ns:netconf:base:1.0}edit-config attrs: message-id="1"
<INFO> 9-Nov-2016::07:20:50.145 secu confd[4250]: netconf id=14 unknown element: /rpc/edit-config/config/nsc:policy/voip-volte-rule
<INFO> 9-Nov-2016::07:20:50.146 secu confd[4250]: netconf id=14 sending rpc-reply, attrs: message-id="1"
<INFO> 9-Nov-2016::07:20:50.149 secu confd[4250]: netconf id=14 close-session attrs: message-id="2"
<INFO> 9-Nov-2016::07:20:50.149 secu confd[4250]: netconf id=14 sending rpc-reply, attrs: message-id="2"
<INFO> 9-Nov-2016::07:24:14.125 secu confd[4250]: netconf id=15 new ssh session for user "admin" from 10.0.0.101
<INFO> 9-Nov-2016::07:24:14.149 secu confd[4250]: netconf id=15 got rpc: {urn:ietf:params:xml:ns:netconf:base:1.0}edit-config attrs: message-id="1"
<INFO> 9-Nov-2016::07:24:14.162 secu confd[4250]: netconf id=15 unknown element: /rpc/edit-config/config/nsc:policy/voip-volte-rule
<INFO> 9-Nov-2016::07:24:14.162 secu confd[4250]: netconf id=15 sending rpc-reply, attrs: message-id="1"
<INFO> 9-Nov-2016::07:24:14.165 secu confd[4250]: netconf id=15 close-session attrs: message-id="2"
<INFO> 9-Nov-2016::07:24:14.165 secu confd[4250]: netconf id=15 sending rpc-reply, attrs: message-id="2"
<INFO> 9-Nov-2016::07:24:26.399 secu confd[4250]: netconf id=16 new ssh session for user "admin" from 10.0.0.101
<INFO> 9-Nov-2016::07:24:26.420 secu confd[4250]: netconf id=16 got rpc: {urn:ietf:params:xml:ns:netconf:base:1.0}edit-config attrs: message-id="1"
<INFO> 9-Nov-2016::07:24:26.434 secu confd[4250]: netconf id=16 unknown element: /rpc/edit-config/config/nsc:policy/voip-volte-rule
<INFO> 9-Nov-2016::07:24:26.434 secu confd[4250]: netconf id=16 sending rpc-reply, attrs: message-id="1"
<INFO> 9-Nov-2016::07:24:26.437 secu confd[4250]: netconf id=16 close-session attrs: message-id="2"
<INFO> 9-Nov-2016::07:24:26.437 secu confd[4250]: netconf id=16 sending rpc-reply, attrs: message-id="2"
<INFO> 9-Nov-2016::07:28:31.785 secu confd[6645]: netconf id=12 new ssh session for user "admin" from 10.0.0.101
<INFO> 9-Nov-2016::07:28:31.807 secu confd[6645]: netconf id=12 got rpc: {urn:ietf:params:xml:ns:netconf:base:1.0}edit-config attrs: message-id="1"
<INFO> 9-Nov-2016::07:28:31.869 secu confd[6645]: netconf id=12 edit-config target=running attrs: message-id="1"
<INFO> 9-Nov-2016::07:28:31.942 secu confd[6645]: netconf id=12 sending rpc-reply, attrs: message-id="1"
<INFO> 9-Nov-2016::07:28:31.943 secu confd[6645]: netconf id=12 close-session attrs: message-id="2"
<INFO> 9-Nov-2016::07:28:31.944 secu confd[6645]: netconf id=12 sending rpc-reply, attrs: message-id="2"
<INFO> 9-Nov-2016::07:47:37.842 secu confd[12772]: netconf id=12 new ssh session for user "admin" from 10.0.0.101
<INFO> 9-Nov-2016::07:47:37.860 secu confd[12772]: netconf id=12 got rpc: {urn:ietf:params:xml:ns:netconf:base:1.0}edit-config attrs: message-id="1"
<INFO> 9-Nov-2016::07:47:37.888 secu confd[12772]: netconf id=12 edit-config target=running attrs: message-id="1"
<INFO> 9-Nov-2016::07:47:37.936 secu confd[12772]: netconf id=12 sending rpc-reply, attrs: message-id="1"
<INFO> 9-Nov-2016::07:47:37.937 secu confd[12772]: netconf id=12 close-session attrs: message-id="2"
<INFO> 9-Nov-2016::07:47:37.937 secu confd[12772]: netconf id=12 sending rpc-reply, attrs: message-id="2"
