<INFO> 10-Oct-2016::22:34:26.370 secu confd[19081]: netconf id=12 new ssh session for user "admin" from 10.0.0.3
<INFO> 10-Oct-2016::22:34:26.420 secu confd[19081]: netconf id=12 got rpc: {urn:ietf:params:xml:ns:netconf:base:1.0}edit-config attrs: message-id="1"
<INFO> 10-Oct-2016::22:34:26.454 secu confd[19081]: netconf id=12 edit-config target=running attrs: message-id="1"
<INFO> 10-Oct-2016::22:34:26.495 secu confd[19081]: netconf id=12 sending rpc-reply, attrs: message-id="1"
<INFO> 10-Oct-2016::22:34:26.498 secu confd[19081]: netconf id=12 close-session attrs: message-id="2"
<INFO> 10-Oct-2016::22:34:26.498 secu confd[19081]: netconf id=12 sending rpc-reply, attrs: message-id="2"
<INFO> 11-Oct-2016::11:59:03.897 secu confd[53056]: netconf id=12 new ssh session for user "admin" from 10.0.0.3
<INFO> 11-Oct-2016::11:59:03.918 secu confd[53056]: netconf id=12 got rpc: {urn:ietf:params:xml:ns:netconf:base:1.0}edit-config attrs: message-id="1"
<INFO> 11-Oct-2016::11:59:03.946 secu confd[53056]: netconf id=12 edit-config target=running attrs: message-id="1"
<INFO> 11-Oct-2016::11:59:03.982 secu confd[53056]: netconf id=12 sending rpc-reply, attrs: message-id="1"
<INFO> 11-Oct-2016::11:59:04.001 secu confd[53056]: netconf id=12 close-session attrs: message-id="2"
<INFO> 11-Oct-2016::11:59:04.001 secu confd[53056]: netconf id=12 sending rpc-reply, attrs: message-id="2"
<INFO> 11-Oct-2016::11:59:39.452 secu confd[53056]: netconf id=13 new ssh session for user "admin" from 10.0.0.3
<INFO> 11-Oct-2016::11:59:39.459 secu confd[53056]: netconf id=13 got rpc: {urn:ietf:params:xml:ns:netconf:base:1.0}edit-config attrs: message-id="1"
<INFO> 11-Oct-2016::11:59:39.475 secu confd[53056]: netconf id=13 edit-config target=running attrs: message-id="1"
<INFO> 11-Oct-2016::11:59:39.492 secu confd[53056]: netconf id=13 sending rpc-reply, attrs: message-id="1"
<INFO> 11-Oct-2016::11:59:39.495 secu confd[53056]: netconf id=13 close-session attrs: message-id="2"
<INFO> 11-Oct-2016::11:59:39.495 secu confd[53056]: netconf id=13 sending rpc-reply, attrs: message-id="2"
<INFO> 11-Oct-2016::11:59:48.150 secu confd[53056]: netconf id=14 new ssh session for user "admin" from 10.0.0.3
<INFO> 11-Oct-2016::11:59:48.161 secu confd[53056]: netconf id=14 got rpc: {urn:ietf:params:xml:ns:netconf:base:1.0}edit-config attrs: message-id="1"
<INFO> 11-Oct-2016::11:59:48.192 secu confd[53056]: netconf id=14 edit-config target=running attrs: message-id="1"
<INFO> 11-Oct-2016::11:59:48.245 secu confd[53056]: netconf id=14 sending rpc-reply, attrs: message-id="1"
<INFO> 11-Oct-2016::11:59:48.250 secu confd[53056]: netconf id=14 close-session attrs: message-id="2"
<INFO> 11-Oct-2016::11:59:48.252 secu confd[53056]: netconf id=14 sending rpc-reply, attrs: message-id="2"
<INFO> 11-Oct-2016::12:02:01.710 secu confd[53056]: netconf id=15 new ssh session for user "admin" from 10.0.0.3
<INFO> 11-Oct-2016::12:02:01.721 secu confd[53056]: netconf id=15 got rpc: {urn:ietf:params:xml:ns:netconf:base:1.0}edit-config attrs: message-id="1"
<INFO> 11-Oct-2016::12:02:01.752 secu confd[53056]: netconf id=15 edit-config target=running attrs: message-id="1"
<INFO> 11-Oct-2016::12:02:01.784 secu confd[53056]: netconf id=15 sending rpc-reply, attrs: message-id="1"
<INFO> 11-Oct-2016::12:02:01.786 secu confd[53056]: netconf id=15 close-session attrs: message-id="2"
<INFO> 11-Oct-2016::12:02:01.786 secu confd[53056]: netconf id=15 sending rpc-reply, attrs: message-id="2"
<INFO> 11-Oct-2016::16:07:23.262 secu confd[74676]: netconf id=12 new ssh session for user "admin" from 10.0.0.4
<INFO> 11-Oct-2016::16:07:23.284 secu confd[74676]: netconf id=12 got rpc: {urn:ietf:params:xml:ns:netconf:base:1.0}edit-config attrs: message-id="1"
<INFO> 11-Oct-2016::16:07:23.304 secu confd[74676]: netconf id=12 unknown element: /rpc/edit-config/config/nsc:policy/nsc:rules/nsc:condition/packet-sec-condition
<INFO> 11-Oct-2016::16:07:23.304 secu confd[74676]: netconf id=12 sending rpc-reply, attrs: message-id="1"
<INFO> 11-Oct-2016::16:07:23.310 secu confd[74676]: netconf id=12 close-session attrs: message-id="2"
<INFO> 11-Oct-2016::16:07:23.311 secu confd[74676]: netconf id=12 sending rpc-reply, attrs: message-id="2"
<INFO> 11-Oct-2016::16:12:20.772 secu confd[74676]: netconf id=13 new ssh session for user "admin" from 10.0.0.4
<INFO> 11-Oct-2016::16:12:20.779 secu confd[74676]: netconf id=13 got rpc: {urn:ietf:params:xml:ns:netconf:base:1.0}edit-config attrs: message-id="1"
<INFO> 11-Oct-2016::16:12:20.795 secu confd[74676]: netconf id=13 edit-config target=running attrs: message-id="1"
<INFO> 11-Oct-2016::16:12:20.851 secu confd[74676]: netconf id=13 sending rpc-reply, attrs: message-id="1"
<INFO> 11-Oct-2016::16:12:20.854 secu confd[74676]: netconf id=13 close-session attrs: message-id="2"
<INFO> 11-Oct-2016::16:12:20.854 secu confd[74676]: netconf id=13 sending rpc-reply, attrs: message-id="2"
<INFO> 11-Oct-2016::16:18:35.562 secu confd[76585]: netconf id=12 new ssh session for user "admin" from 10.0.0.4
<INFO> 11-Oct-2016::16:18:35.582 secu confd[76585]: netconf id=12 got rpc: {urn:ietf:params:xml:ns:netconf:base:1.0}edit-config attrs: message-id="1"
<INFO> 11-Oct-2016::16:18:35.605 secu confd[76585]: netconf id=12 edit-config target=running attrs: message-id="1"
<INFO> 11-Oct-2016::16:18:35.642 secu confd[76585]: netconf id=12 sending rpc-reply, attrs: message-id="1"
<INFO> 11-Oct-2016::16:18:35.658 secu confd[76585]: netconf id=12 close-session attrs: message-id="2"
<INFO> 11-Oct-2016::16:18:35.658 secu confd[76585]: netconf id=12 sending rpc-reply, attrs: message-id="2"
<INFO> 11-Oct-2016::16:18:59.157 secu confd[76585]: netconf id=13 new ssh session for user "admin" from 10.0.0.4
<INFO> 11-Oct-2016::16:18:59.162 secu confd[76585]: netconf id=13 got rpc: {urn:ietf:params:xml:ns:netconf:base:1.0}edit-config attrs: message-id="1"
<INFO> 11-Oct-2016::16:18:59.179 secu confd[76585]: netconf id=13 edit-config target=running attrs: message-id="1"
<INFO> 11-Oct-2016::16:18:59.196 secu confd[76585]: netconf id=13 sending rpc-reply, attrs: message-id="1"
<INFO> 11-Oct-2016::16:18:59.199 secu confd[76585]: netconf id=13 close-session attrs: message-id="2"
<INFO> 11-Oct-2016::16:18:59.199 secu confd[76585]: netconf id=13 sending rpc-reply, attrs: message-id="2"
<INFO> 12-Oct-2016::02:40:07.666 secu confd[18432]: netconf id=12 new ssh session for user "admin" from 10.0.0.101
<INFO> 12-Oct-2016::02:40:07.698 secu confd[18432]: netconf id=12 got rpc: {urn:ietf:params:xml:ns:netconf:base:1.0}edit-config attrs: message-id="1"
<INFO> 12-Oct-2016::02:40:07.720 secu confd[18432]: netconf id=12 unknown element: /rpc/edit-config/config/nsc:policy/nsc:rules/nsc:condition/packet-sec-condition
<INFO> 12-Oct-2016::02:40:07.721 secu confd[18432]: netconf id=12 sending rpc-reply, attrs: message-id="1"
<INFO> 12-Oct-2016::02:40:07.726 secu confd[18432]: netconf id=12 close-session attrs: message-id="2"
<INFO> 12-Oct-2016::02:40:07.727 secu confd[18432]: netconf id=12 sending rpc-reply, attrs: message-id="2"
<INFO> 12-Oct-2016::02:44:40.137 secu confd[20046]: netconf id=12 new ssh session for user "admin" from 10.0.0.101
<INFO> 12-Oct-2016::02:44:40.157 secu confd[20046]: netconf id=12 got rpc: {urn:ietf:params:xml:ns:netconf:base:1.0}edit-config attrs: message-id="1"
<INFO> 12-Oct-2016::02:44:40.186 secu confd[20046]: netconf id=12 edit-config target=running attrs: message-id="1"
<INFO> 12-Oct-2016::02:44:40.246 secu confd[20046]: netconf id=12 sending rpc-reply, attrs: message-id="1"
<INFO> 12-Oct-2016::02:44:40.247 secu confd[20046]: netconf id=12 close-session attrs: message-id="2"
<INFO> 12-Oct-2016::02:44:40.247 secu confd[20046]: netconf id=12 sending rpc-reply, attrs: message-id="2"
<INFO> 12-Oct-2016::23:01:23.728 secu confd[35230]: netconf id=12 new ssh session for user "admin" from 10.0.0.101
<INFO> 12-Oct-2016::23:01:23.758 secu confd[35230]: netconf id=12 got rpc: {urn:ietf:params:xml:ns:netconf:base:1.0}edit-config attrs: message-id="1"
<INFO> 12-Oct-2016::23:01:23.784 secu confd[35230]: netconf id=12 edit-config target=running attrs: message-id="1"
<INFO> 12-Oct-2016::23:01:24.278 secu confd[35230]: netconf id=12 sending rpc-reply, attrs: message-id="1"
<INFO> 12-Oct-2016::23:01:24.287 secu confd[35230]: netconf id=12 close-session attrs: message-id="2"
<INFO> 12-Oct-2016::23:01:24.287 secu confd[35230]: netconf id=12 sending rpc-reply, attrs: message-id="2"
<INFO> 12-Oct-2016::23:06:08.278 secu confd[36685]: netconf id=12 new ssh session for user "admin" from 10.0.0.101
<INFO> 12-Oct-2016::23:06:08.295 secu confd[36685]: netconf id=12 got rpc: {urn:ietf:params:xml:ns:netconf:base:1.0}edit-config attrs: message-id="1"
<INFO> 12-Oct-2016::23:06:08.319 secu confd[36685]: netconf id=12 edit-config target=running attrs: message-id="1"
<INFO> 12-Oct-2016::23:06:08.376 secu confd[36685]: netconf id=12 sending rpc-reply, attrs: message-id="1"
<INFO> 12-Oct-2016::23:06:08.377 secu confd[36685]: netconf id=12 close-session attrs: message-id="2"
<INFO> 12-Oct-2016::23:06:08.377 secu confd[36685]: netconf id=12 sending rpc-reply, attrs: message-id="2"
<INFO> 13-Oct-2016::03:31:43.589 secu confd[75885]: netconf id=12 new ssh session for user "admin" from 10.0.0.101
<INFO> 13-Oct-2016::03:31:43.611 secu confd[75885]: netconf id=12 got rpc: {urn:ietf:params:xml:ns:netconf:base:1.0}edit-config attrs: message-id="1"
<INFO> 13-Oct-2016::03:31:43.639 secu confd[75885]: netconf id=12 edit-config target=running attrs: message-id="1"
<INFO> 13-Oct-2016::03:31:43.731 secu confd[75885]: netconf id=12 sending rpc-reply, attrs: message-id="1"
<INFO> 13-Oct-2016::03:31:43.733 secu confd[75885]: netconf id=12 close-session attrs: message-id="2"
<INFO> 13-Oct-2016::03:31:43.733 secu confd[75885]: netconf id=12 sending rpc-reply, attrs: message-id="2"
<INFO> 13-Oct-2016::04:51:16.267 secu confd[82083]: netconf id=12 new ssh session for user "admin" from 10.0.0.101
<INFO> 13-Oct-2016::04:51:16.287 secu confd[82083]: netconf id=12 got rpc: {urn:ietf:params:xml:ns:netconf:base:1.0}edit-config attrs: message-id="1"
<INFO> 13-Oct-2016::04:51:16.314 secu confd[82083]: netconf id=12 edit-config target=running attrs: message-id="1"
<INFO> 13-Oct-2016::04:51:16.378 secu confd[82083]: netconf id=12 sending rpc-reply, attrs: message-id="1"
<INFO> 13-Oct-2016::04:51:16.379 secu confd[82083]: netconf id=12 close-session attrs: message-id="2"
<INFO> 13-Oct-2016::04:51:16.379 secu confd[82083]: netconf id=12 sending rpc-reply, attrs: message-id="2"
<INFO> 13-Oct-2016::04:51:50.796 secu confd[82083]: netconf id=13 new ssh session for user "admin" from 10.0.0.101
<INFO> 13-Oct-2016::04:51:50.800 secu confd[82083]: netconf id=13 got rpc: {urn:ietf:params:xml:ns:netconf:base:1.0}edit-config attrs: message-id="1"
<INFO> 13-Oct-2016::04:51:50.819 secu confd[82083]: netconf id=13 edit-config target=running attrs: message-id="1"
<INFO> 13-Oct-2016::04:51:50.836 secu confd[82083]: netconf id=13 sending rpc-reply, attrs: message-id="1"
<INFO> 13-Oct-2016::04:51:50.850 secu confd[82083]: netconf id=13 close-session attrs: message-id="2"
<INFO> 13-Oct-2016::04:51:50.850 secu confd[82083]: netconf id=13 sending rpc-reply, attrs: message-id="2"
<INFO> 13-Oct-2016::04:52:05.943 secu confd[82083]: netconf id=14 new ssh session for user "admin" from 10.0.0.101
<INFO> 13-Oct-2016::04:52:05.947 secu confd[82083]: netconf id=14 got rpc: {urn:ietf:params:xml:ns:netconf:base:1.0}edit-config attrs: message-id="1"
<INFO> 13-Oct-2016::04:52:05.968 secu confd[82083]: netconf id=14 edit-config target=running attrs: message-id="1"
<INFO> 13-Oct-2016::04:52:06.003 secu confd[82083]: netconf id=14 sending rpc-reply, attrs: message-id="1"
<INFO> 13-Oct-2016::04:52:06.004 secu confd[82083]: netconf id=14 close-session attrs: message-id="2"
<INFO> 13-Oct-2016::04:52:06.004 secu confd[82083]: netconf id=14 sending rpc-reply, attrs: message-id="2"
<INFO> 13-Oct-2016::05:57:42.969 secu confd[85648]: netconf id=12 new ssh session for user "admin" from 10.0.0.101
<INFO> 13-Oct-2016::05:57:42.990 secu confd[85648]: netconf id=12 got rpc: {urn:ietf:params:xml:ns:netconf:base:1.0}edit-config attrs: message-id="1"
<INFO> 13-Oct-2016::05:57:43.016 secu confd[85648]: netconf id=12 edit-config target=running attrs: message-id="1"
<INFO> 13-Oct-2016::05:57:43.060 secu confd[85648]: netconf id=12 sending rpc-reply, attrs: message-id="1"
<INFO> 13-Oct-2016::05:57:43.061 secu confd[85648]: netconf id=12 close-session attrs: message-id="2"
<INFO> 13-Oct-2016::05:57:43.061 secu confd[85648]: netconf id=12 sending rpc-reply, attrs: message-id="2"
<INFO> 13-Oct-2016::09:28:10.787 secu confd[90926]: netconf id=12 new ssh session for user "admin" from 10.0.0.101
<INFO> 13-Oct-2016::09:28:10.811 secu confd[90926]: netconf id=12 got rpc: {urn:ietf:params:xml:ns:netconf:base:1.0}edit-config attrs: message-id="1"
<INFO> 13-Oct-2016::09:28:10.840 secu confd[90926]: netconf id=12 edit-config target=running attrs: message-id="1"
<INFO> 13-Oct-2016::09:28:10.891 secu confd[90926]: netconf id=12 sending rpc-reply, attrs: message-id="1"
<INFO> 13-Oct-2016::09:28:10.895 secu confd[90926]: netconf id=12 close-session attrs: message-id="2"
<INFO> 13-Oct-2016::09:28:10.895 secu confd[90926]: netconf id=12 sending rpc-reply, attrs: message-id="2"
<INFO> 13-Oct-2016::09:37:27.235 secu confd[97828]: netconf id=12 new ssh session for user "admin" from 10.0.0.101
<INFO> 13-Oct-2016::09:37:27.257 secu confd[97828]: netconf id=12 got rpc: {urn:ietf:params:xml:ns:netconf:base:1.0}edit-config attrs: message-id="1"
<INFO> 13-Oct-2016::09:37:27.288 secu confd[97828]: netconf id=12 edit-config target=running attrs: message-id="1"
<INFO> 13-Oct-2016::09:37:27.366 secu confd[97828]: netconf id=12 sending rpc-reply, attrs: message-id="1"
<INFO> 13-Oct-2016::09:37:27.367 secu confd[97828]: netconf id=12 close-session attrs: message-id="2"
<INFO> 13-Oct-2016::09:37:27.367 secu confd[97828]: netconf id=12 sending rpc-reply, attrs: message-id="2"
<INFO> 13-Oct-2016::16:59:14.538 secu confd[112786]: netconf id=12 new ssh session for user "admin" from 10.0.0.101
<INFO> 13-Oct-2016::16:59:14.571 secu confd[112786]: netconf id=12 got rpc: {urn:ietf:params:xml:ns:netconf:base:1.0}edit-config attrs: message-id="1"
<INFO> 13-Oct-2016::16:59:14.608 secu confd[112786]: netconf id=12 edit-config target=running attrs: message-id="1"
<INFO> 13-Oct-2016::16:59:14.676 secu confd[112786]: netconf id=12 sending rpc-reply, attrs: message-id="1"
<INFO> 13-Oct-2016::16:59:14.678 secu confd[112786]: netconf id=12 close-session attrs: message-id="2"
<INFO> 13-Oct-2016::16:59:14.678 secu confd[112786]: netconf id=12 sending rpc-reply, attrs: message-id="2"
<INFO> 13-Oct-2016::17:01:54.847 secu confd[112786]: netconf id=13 new ssh session for user "admin" from 10.0.0.101
<INFO> 13-Oct-2016::17:01:54.851 secu confd[112786]: netconf id=13 got rpc: {urn:ietf:params:xml:ns:netconf:base:1.0}edit-config attrs: message-id="1"
<INFO> 13-Oct-2016::17:01:54.879 secu confd[112786]: netconf id=13 edit-config target=running attrs: message-id="1"
<INFO> 13-Oct-2016::17:01:54.895 secu confd[112786]: netconf id=13 sending rpc-reply, attrs: message-id="1"
<INFO> 13-Oct-2016::17:01:54.899 secu confd[112786]: netconf id=13 close-session attrs: message-id="2"
<INFO> 13-Oct-2016::17:01:54.899 secu confd[112786]: netconf id=13 sending rpc-reply, attrs: message-id="2"
<INFO> 13-Oct-2016::17:19:08.942 secu confd[114911]: netconf id=12 new ssh session for user "admin" from 10.0.0.101
<INFO> 13-Oct-2016::17:19:08.994 secu confd[114911]: netconf id=12 got rpc: {urn:ietf:params:xml:ns:netconf:base:1.0}edit-config attrs: message-id="1"
<INFO> 13-Oct-2016::17:19:09.071 secu confd[114911]: netconf id=12 edit-config target=running attrs: message-id="1"
<INFO> 13-Oct-2016::17:19:09.197 secu confd[114911]: netconf id=12 sending rpc-reply, attrs: message-id="1"
<INFO> 13-Oct-2016::17:19:09.198 secu confd[114911]: netconf id=12 close-session attrs: message-id="2"
<INFO> 13-Oct-2016::17:19:09.198 secu confd[114911]: netconf id=12 sending rpc-reply, attrs: message-id="2"
<INFO> 13-Oct-2016::17:31:04.824 secu confd[116678]: netconf id=12 new ssh session for user "admin" from 10.0.0.101
<INFO> 13-Oct-2016::17:31:04.854 secu confd[116678]: netconf id=12 got rpc: {urn:ietf:params:xml:ns:netconf:base:1.0}edit-config attrs: message-id="1"
<INFO> 13-Oct-2016::17:31:04.886 secu confd[116678]: netconf id=12 edit-config target=running attrs: message-id="1"
<INFO> 13-Oct-2016::17:31:04.933 secu confd[116678]: netconf id=12 sending rpc-reply, attrs: message-id="1"
<INFO> 13-Oct-2016::17:31:04.934 secu confd[116678]: netconf id=12 close-session attrs: message-id="2"
<INFO> 13-Oct-2016::17:31:04.935 secu confd[116678]: netconf id=12 sending rpc-reply, attrs: message-id="2"
<INFO> 14-Oct-2016::02:29:20.226 secu confd[32516]: netconf id=12 new ssh session for user "admin" from 10.0.0.101
<INFO> 14-Oct-2016::02:29:20.310 secu confd[32516]: netconf id=12 got rpc: {urn:ietf:params:xml:ns:netconf:base:1.0}edit-config attrs: message-id="1"
<INFO> 14-Oct-2016::02:29:20.349 secu confd[32516]: netconf id=12 edit-config target=running attrs: message-id="1"
<INFO> 14-Oct-2016::02:29:20.422 secu confd[32516]: netconf id=12 sending rpc-reply, attrs: message-id="1"
<INFO> 14-Oct-2016::02:29:20.423 secu confd[32516]: netconf id=12 close-session attrs: message-id="2"
<INFO> 14-Oct-2016::02:29:20.423 secu confd[32516]: netconf id=12 sending rpc-reply, attrs: message-id="2"
<INFO> 17-Oct-2016::13:22:47.073 secu confd[4312]: netconf id=12 new ssh session for user "admin" from 10.0.0.101
<INFO> 17-Oct-2016::13:22:47.129 secu confd[4312]: netconf id=12 got rpc: {urn:ietf:params:xml:ns:netconf:base:1.0}edit-config attrs: message-id="1"
<INFO> 17-Oct-2016::13:22:47.170 secu confd[4312]: netconf id=12 edit-config target=running attrs: message-id="1"
<INFO> 17-Oct-2016::13:22:47.261 secu confd[4312]: netconf id=12 sending rpc-reply, attrs: message-id="1"
<INFO> 17-Oct-2016::13:22:47.262 secu confd[4312]: netconf id=12 close-session attrs: message-id="2"
<INFO> 17-Oct-2016::13:22:47.262 secu confd[4312]: netconf id=12 sending rpc-reply, attrs: message-id="2"
<INFO> 17-Oct-2016::13:23:28.483 secu confd[4312]: netconf id=13 new ssh session for user "admin" from 10.0.0.101
<INFO> 17-Oct-2016::13:23:28.486 secu confd[4312]: netconf id=13 got rpc: {urn:ietf:params:xml:ns:netconf:base:1.0}edit-config attrs: message-id="1"
<INFO> 17-Oct-2016::13:23:28.503 secu confd[4312]: netconf id=13 edit-config target=running attrs: message-id="1"
<INFO> 17-Oct-2016::13:23:28.535 secu confd[4312]: netconf id=13 sending rpc-reply, attrs: message-id="1"
<INFO> 17-Oct-2016::13:23:28.536 secu confd[4312]: netconf id=13 close-session attrs: message-id="2"
<INFO> 17-Oct-2016::13:23:28.536 secu confd[4312]: netconf id=13 sending rpc-reply, attrs: message-id="2"
<INFO> 4-Nov-2016::07:18:44.695 secu confd[13395]: netconf id=12 new ssh session for user "admin" from 10.0.0.101
<INFO> 4-Nov-2016::07:18:44.714 secu confd[13395]: netconf id=12 got rpc: {urn:ietf:params:xml:ns:netconf:base:1.0}edit-config attrs: message-id="1"
<INFO> 4-Nov-2016::07:18:44.732 secu confd[13395]: netconf id=12 unknown element: /rpc/edit-config/config/dpi:policy/rules
<INFO> 4-Nov-2016::07:18:44.732 secu confd[13395]: netconf id=12 sending rpc-reply, attrs: message-id="1"
<INFO> 4-Nov-2016::07:18:44.739 secu confd[13395]: netconf id=12 close-session attrs: message-id="2"
<INFO> 4-Nov-2016::07:18:44.739 secu confd[13395]: netconf id=12 sending rpc-reply, attrs: message-id="2"
<INFO> 4-Nov-2016::07:19:58.609 secu confd[13395]: netconf id=13 new ssh session for user "admin" from 10.0.0.101
<INFO> 4-Nov-2016::07:19:58.614 secu confd[13395]: netconf id=13 got rpc: {urn:ietf:params:xml:ns:netconf:base:1.0}edit-config attrs: message-id="1"
<INFO> 4-Nov-2016::07:19:58.629 secu confd[13395]: netconf id=13 unknown-element /rpc/edit-config/config/dpi:policy/dpi:voip-volte-rule[dpi:rule-name='Emqeployee2']/dpi:event/dpi:condition
<INFO> 4-Nov-2016::07:19:58.629 secu confd[13395]: netconf id=13 sending rpc-reply, attrs: message-id="1"
<INFO> 4-Nov-2016::07:19:58.633 secu confd[13395]: netconf id=13 close-session attrs: message-id="2"
<INFO> 4-Nov-2016::07:19:58.634 secu confd[13395]: netconf id=13 sending rpc-reply, attrs: message-id="2"
<INFO> 4-Nov-2016::07:20:30.653 secu confd[13395]: netconf id=14 new ssh session for user "admin" from 10.0.0.101
<INFO> 4-Nov-2016::07:20:30.660 secu confd[13395]: netconf id=14 got rpc: {urn:ietf:params:xml:ns:netconf:base:1.0}edit-config attrs: message-id="1"
<INFO> 4-Nov-2016::07:20:30.689 secu confd[13395]: netconf id=14 edit-config target=running attrs: message-id="1"
<INFO> 4-Nov-2016::07:20:30.767 secu confd[13395]: netconf id=14 sending rpc-reply, attrs: message-id="1"
<INFO> 4-Nov-2016::07:20:30.773 secu confd[13395]: netconf id=14 close-session attrs: message-id="2"
<INFO> 4-Nov-2016::07:20:30.773 secu confd[13395]: netconf id=14 sending rpc-reply, attrs: message-id="2"
<INFO> 6-Nov-2016::01:40:19.224 secu confd[39741]: netconf id=12 new ssh session for user "admin" from 10.0.0.101
<INFO> 6-Nov-2016::01:40:19.243 secu confd[39741]: netconf id=12 got rpc: {urn:ietf:params:xml:ns:netconf:base:1.0}edit-config attrs: message-id="1"
<INFO> 6-Nov-2016::01:40:19.266 secu confd[39741]: netconf id=12 edit-config target=running attrs: message-id="1"
<INFO> 6-Nov-2016::01:40:19.306 secu confd[39741]: netconf id=12 sending rpc-reply, attrs: message-id="1"
<INFO> 6-Nov-2016::01:40:19.307 secu confd[39741]: netconf id=12 close-session attrs: message-id="2"
<INFO> 6-Nov-2016::01:40:19.308 secu confd[39741]: netconf id=12 sending rpc-reply, attrs: message-id="2"
<INFO> 6-Nov-2016::02:30:00.370 secu confd[45996]: netconf id=12 new ssh session for user "admin" from 10.0.0.101
<INFO> 6-Nov-2016::02:30:00.392 secu confd[45996]: netconf id=12 got rpc: {urn:ietf:params:xml:ns:netconf:base:1.0}edit-config attrs: message-id="1"
<INFO> 6-Nov-2016::02:30:00.419 secu confd[45996]: netconf id=12 edit-config target=running attrs: message-id="1"
<INFO> 6-Nov-2016::02:30:00.462 secu confd[45996]: netconf id=12 sending rpc-reply, attrs: message-id="1"
<INFO> 6-Nov-2016::02:30:00.464 secu confd[45996]: netconf id=12 close-session attrs: message-id="2"
<INFO> 6-Nov-2016::02:30:00.464 secu confd[45996]: netconf id=12 sending rpc-reply, attrs: message-id="2"
<INFO> 6-Nov-2016::02:32:48.213 secu confd[45996]: netconf id=13 new ssh session for user "admin" from 10.0.0.101
<INFO> 6-Nov-2016::02:32:48.217 secu confd[45996]: netconf id=13 got rpc: {urn:ietf:params:xml:ns:netconf:base:1.0}edit-config attrs: message-id="1"
<INFO> 6-Nov-2016::02:32:48.236 secu confd[45996]: netconf id=13 edit-config target=running attrs: message-id="1"
<INFO> 6-Nov-2016::02:32:48.252 secu confd[45996]: netconf id=13 sending rpc-reply, attrs: message-id="1"
<INFO> 6-Nov-2016::02:32:48.257 secu confd[45996]: netconf id=13 close-session attrs: message-id="2"
<INFO> 6-Nov-2016::02:32:48.258 secu confd[45996]: netconf id=13 sending rpc-reply, attrs: message-id="2"
<INFO> 6-Nov-2016::02:48:58.338 secu confd[48916]: netconf id=12 new ssh session for user "admin" from 10.0.0.101
<INFO> 6-Nov-2016::02:48:58.355 secu confd[48916]: netconf id=12 got rpc: {urn:ietf:params:xml:ns:netconf:base:1.0}edit-config attrs: message-id="1"
<INFO> 6-Nov-2016::02:48:58.383 secu confd[48916]: netconf id=12 edit-config target=running attrs: message-id="1"
<INFO> 6-Nov-2016::02:48:58.426 secu confd[48916]: netconf id=12 sending rpc-reply, attrs: message-id="1"
<INFO> 6-Nov-2016::02:48:58.428 secu confd[48916]: netconf id=12 close-session attrs: message-id="2"
<INFO> 6-Nov-2016::02:48:58.428 secu confd[48916]: netconf id=12 sending rpc-reply, attrs: message-id="2"
<INFO> 6-Nov-2016::02:55:09.555 secu confd[49244]: netconf id=12 new ssh session for user "admin" from 10.0.0.101
<INFO> 6-Nov-2016::02:55:09.575 secu confd[49244]: netconf id=12 got rpc: {urn:ietf:params:xml:ns:netconf:base:1.0}edit-config attrs: message-id="1"
<INFO> 6-Nov-2016::02:55:09.604 secu confd[49244]: netconf id=12 edit-config target=running attrs: message-id="1"
<INFO> 6-Nov-2016::02:55:09.643 secu confd[49244]: netconf id=12 sending rpc-reply, attrs: message-id="1"
<INFO> 6-Nov-2016::02:55:09.649 secu confd[49244]: netconf id=12 close-session attrs: message-id="2"
<INFO> 6-Nov-2016::02:55:09.649 secu confd[49244]: netconf id=12 sending rpc-reply, attrs: message-id="2"
<INFO> 6-Nov-2016::02:56:19.195 secu confd[50869]: netconf id=12 new ssh session for user "admin" from 10.0.0.101
<INFO> 6-Nov-2016::02:56:19.217 secu confd[50869]: netconf id=12 got rpc: {urn:ietf:params:xml:ns:netconf:base:1.0}edit-config attrs: message-id="1"
<INFO> 6-Nov-2016::02:56:19.243 secu confd[50869]: netconf id=12 edit-config target=running attrs: message-id="1"
<INFO> 6-Nov-2016::02:56:19.282 secu confd[50869]: netconf id=12 sending rpc-reply, attrs: message-id="1"
<INFO> 6-Nov-2016::02:56:19.284 secu confd[50869]: netconf id=12 close-session attrs: message-id="2"
<INFO> 6-Nov-2016::02:56:19.284 secu confd[50869]: netconf id=12 sending rpc-reply, attrs: message-id="2"
<INFO> 6-Nov-2016::02:58:08.836 secu confd[52517]: netconf id=12 new ssh session for user "admin" from 10.0.0.102
<INFO> 6-Nov-2016::02:58:08.858 secu confd[52517]: netconf id=12 got rpc: {urn:ietf:params:xml:ns:netconf:base:1.0}edit-config attrs: message-id="1"
<INFO> 6-Nov-2016::02:58:08.884 secu confd[52517]: netconf id=12 edit-config target=running attrs: message-id="1"
<INFO> 6-Nov-2016::02:58:08.925 secu confd[52517]: netconf id=12 sending rpc-reply, attrs: message-id="1"
<INFO> 6-Nov-2016::02:58:08.927 secu confd[52517]: netconf id=12 close-session attrs: message-id="2"
<INFO> 6-Nov-2016::02:58:08.927 secu confd[52517]: netconf id=12 sending rpc-reply, attrs: message-id="2"
<INFO> 6-Nov-2016::03:01:02.264 secu confd[54155]: netconf id=12 new ssh session for user "admin" from 10.0.0.101
<INFO> 6-Nov-2016::03:01:02.286 secu confd[54155]: netconf id=12 got rpc: {urn:ietf:params:xml:ns:netconf:base:1.0}edit-config attrs: message-id="1"
<INFO> 6-Nov-2016::03:01:02.315 secu confd[54155]: netconf id=12 edit-config target=running attrs: message-id="1"
<INFO> 6-Nov-2016::03:01:02.354 secu confd[54155]: netconf id=12 sending rpc-reply, attrs: message-id="1"
<INFO> 6-Nov-2016::03:01:02.359 secu confd[54155]: netconf id=12 close-session attrs: message-id="2"
<INFO> 6-Nov-2016::03:01:02.359 secu confd[54155]: netconf id=12 sending rpc-reply, attrs: message-id="2"
<INFO> 6-Nov-2016::03:01:17.699 secu confd[54155]: netconf id=13 new ssh session for user "admin" from 10.0.0.101
<INFO> 6-Nov-2016::03:01:17.704 secu confd[54155]: netconf id=13 got rpc: {urn:ietf:params:xml:ns:netconf:base:1.0}edit-config attrs: message-id="1"
<INFO> 6-Nov-2016::03:01:17.725 secu confd[54155]: netconf id=13 edit-config target=running attrs: message-id="1"
<INFO> 6-Nov-2016::03:01:17.744 secu confd[54155]: netconf id=13 sending rpc-reply, attrs: message-id="1"
<INFO> 6-Nov-2016::03:01:17.745 secu confd[54155]: netconf id=13 close-session attrs: message-id="2"
<INFO> 6-Nov-2016::03:01:17.746 secu confd[54155]: netconf id=13 sending rpc-reply, attrs: message-id="2"
<INFO> 6-Nov-2016::03:02:18.600 secu confd[55793]: netconf id=12 new ssh session for user "admin" from 10.0.0.101
<INFO> 6-Nov-2016::03:02:18.618 secu confd[55793]: netconf id=12 got rpc: {urn:ietf:params:xml:ns:netconf:base:1.0}edit-config attrs: message-id="1"
<INFO> 6-Nov-2016::03:02:18.643 secu confd[55793]: netconf id=12 edit-config target=running attrs: message-id="1"
<INFO> 6-Nov-2016::03:02:18.682 secu confd[55793]: netconf id=12 sending rpc-reply, attrs: message-id="1"
<INFO> 6-Nov-2016::03:02:18.683 secu confd[55793]: netconf id=12 close-session attrs: message-id="2"
<INFO> 6-Nov-2016::03:02:18.684 secu confd[55793]: netconf id=12 sending rpc-reply, attrs: message-id="2"
<INFO> 6-Nov-2016::03:05:59.331 secu confd[57519]: netconf id=12 new ssh session for user "admin" from 10.0.0.101
<INFO> 6-Nov-2016::03:05:59.348 secu confd[57519]: netconf id=12 got rpc: {urn:ietf:params:xml:ns:netconf:base:1.0}edit-config attrs: message-id="1"
<INFO> 6-Nov-2016::03:05:59.374 secu confd[57519]: netconf id=12 edit-config target=running attrs: message-id="1"
<INFO> 6-Nov-2016::03:05:59.414 secu confd[57519]: netconf id=12 sending rpc-reply, attrs: message-id="1"
<INFO> 6-Nov-2016::03:05:59.416 secu confd[57519]: netconf id=12 close-session attrs: message-id="2"
<INFO> 6-Nov-2016::03:05:59.416 secu confd[57519]: netconf id=12 sending rpc-reply, attrs: message-id="2"
<INFO> 6-Nov-2016::03:08:46.443 secu confd[59201]: netconf id=12 new ssh session for user "admin" from 10.0.0.101
<INFO> 6-Nov-2016::03:08:46.465 secu confd[59201]: netconf id=12 got rpc: {urn:ietf:params:xml:ns:netconf:base:1.0}edit-config attrs: message-id="1"
<INFO> 6-Nov-2016::03:08:46.498 secu confd[59201]: netconf id=12 edit-config target=running attrs: message-id="1"
<INFO> 6-Nov-2016::03:08:46.541 secu confd[59201]: netconf id=12 sending rpc-reply, attrs: message-id="1"
<INFO> 6-Nov-2016::03:08:46.542 secu confd[59201]: netconf id=12 close-session attrs: message-id="2"
<INFO> 6-Nov-2016::03:08:46.543 secu confd[59201]: netconf id=12 sending rpc-reply, attrs: message-id="2"
<INFO> 6-Nov-2016::03:15:51.103 secu confd[61046]: netconf id=12 new ssh session for user "admin" from 10.0.0.101
<INFO> 6-Nov-2016::03:15:51.129 secu confd[61046]: netconf id=12 got rpc: {urn:ietf:params:xml:ns:netconf:base:1.0}edit-config attrs: message-id="1"
<INFO> 6-Nov-2016::03:15:51.160 secu confd[61046]: netconf id=12 edit-config target=running attrs: message-id="1"
<INFO> 6-Nov-2016::03:15:51.205 secu confd[61046]: netconf id=12 sending rpc-reply, attrs: message-id="1"
<INFO> 6-Nov-2016::03:15:51.207 secu confd[61046]: netconf id=12 close-session attrs: message-id="2"
<INFO> 6-Nov-2016::03:15:51.207 secu confd[61046]: netconf id=12 sending rpc-reply, attrs: message-id="2"
<INFO> 6-Nov-2016::03:23:28.212 secu confd[62950]: netconf id=12 new ssh session for user "admin" from 10.0.0.101
<INFO> 6-Nov-2016::03:23:28.232 secu confd[62950]: netconf id=12 got rpc: {urn:ietf:params:xml:ns:netconf:base:1.0}edit-config attrs: message-id="1"
<INFO> 6-Nov-2016::03:23:28.265 secu confd[62950]: netconf id=12 edit-config target=running attrs: message-id="1"
<INFO> 6-Nov-2016::03:23:28.311 secu confd[62950]: netconf id=12 sending rpc-reply, attrs: message-id="1"
<INFO> 6-Nov-2016::03:23:28.313 secu confd[62950]: netconf id=12 close-session attrs: message-id="2"
<INFO> 6-Nov-2016::03:23:28.313 secu confd[62950]: netconf id=12 sending rpc-reply, attrs: message-id="2"
<INFO> 6-Nov-2016::03:32:46.802 secu confd[64767]: netconf id=12 new ssh session for user "admin" from 10.0.0.101
<INFO> 6-Nov-2016::03:32:46.849 secu confd[64767]: netconf id=12 got rpc: {urn:ietf:params:xml:ns:netconf:base:1.0}edit-config attrs: message-id="1"
<INFO> 6-Nov-2016::03:32:46.905 secu confd[64767]: netconf id=12 edit-config target=running attrs: message-id="1"
<INFO> 6-Nov-2016::03:32:46.960 secu confd[64767]: netconf id=12 sending rpc-reply, attrs: message-id="1"
<INFO> 6-Nov-2016::03:32:46.963 secu confd[64767]: netconf id=12 close-session attrs: message-id="2"
<INFO> 6-Nov-2016::03:32:46.963 secu confd[64767]: netconf id=12 sending rpc-reply, attrs: message-id="2"
<INFO> 6-Nov-2016::03:37:33.351 secu confd[66487]: netconf id=12 new ssh session for user "admin" from 10.0.0.101
<INFO> 6-Nov-2016::03:37:33.392 secu confd[66487]: netconf id=12 got rpc: {urn:ietf:params:xml:ns:netconf:base:1.0}edit-config attrs: message-id="1"
<INFO> 6-Nov-2016::03:37:33.425 secu confd[66487]: netconf id=12 edit-config target=running attrs: message-id="1"
<INFO> 6-Nov-2016::03:37:33.465 secu confd[66487]: netconf id=12 sending rpc-reply, attrs: message-id="1"
<INFO> 6-Nov-2016::03:37:33.469 secu confd[66487]: netconf id=12 close-session attrs: message-id="2"
<INFO> 6-Nov-2016::03:37:33.469 secu confd[66487]: netconf id=12 sending rpc-reply, attrs: message-id="2"
<INFO> 6-Nov-2016::03:41:17.355 secu confd[68188]: netconf id=12 new ssh session for user "admin" from 10.0.0.101
<INFO> 6-Nov-2016::03:41:17.376 secu confd[68188]: netconf id=12 got rpc: {urn:ietf:params:xml:ns:netconf:base:1.0}edit-config attrs: message-id="1"
<INFO> 6-Nov-2016::03:41:17.407 secu confd[68188]: netconf id=12 edit-config target=running attrs: message-id="1"
<INFO> 6-Nov-2016::03:41:17.450 secu confd[68188]: netconf id=12 sending rpc-reply, attrs: message-id="1"
<INFO> 6-Nov-2016::03:41:17.452 secu confd[68188]: netconf id=12 close-session attrs: message-id="2"
<INFO> 6-Nov-2016::03:41:17.452 secu confd[68188]: netconf id=12 sending rpc-reply, attrs: message-id="2"
<INFO> 6-Nov-2016::03:52:48.798 secu confd[70073]: netconf id=12 new ssh session for user "admin" from 10.0.0.101
<INFO> 6-Nov-2016::03:52:48.823 secu confd[70073]: netconf id=12 got rpc: {urn:ietf:params:xml:ns:netconf:base:1.0}edit-config attrs: message-id="1"
<INFO> 6-Nov-2016::03:52:48.849 secu confd[70073]: netconf id=12 edit-config target=running attrs: message-id="1"
<INFO> 6-Nov-2016::03:52:48.892 secu confd[70073]: netconf id=12 sending rpc-reply, attrs: message-id="1"
<INFO> 6-Nov-2016::03:52:48.894 secu confd[70073]: netconf id=12 close-session attrs: message-id="2"
<INFO> 6-Nov-2016::03:52:48.894 secu confd[70073]: netconf id=12 sending rpc-reply, attrs: message-id="2"
<INFO> 6-Nov-2016::19:48:15.801 secu confd[81016]: netconf id=12 new ssh session for user "admin" from 10.0.0.101
<INFO> 6-Nov-2016::19:48:15.818 secu confd[81016]: netconf id=12 got rpc: {urn:ietf:params:xml:ns:netconf:base:1.0}edit-config attrs: message-id="1"
<INFO> 6-Nov-2016::19:48:15.846 secu confd[81016]: netconf id=12 edit-config target=running attrs: message-id="1"
<INFO> 6-Nov-2016::19:48:15.889 secu confd[81016]: netconf id=12 sending rpc-reply, attrs: message-id="1"
<INFO> 6-Nov-2016::19:48:15.891 secu confd[81016]: netconf id=12 close-session attrs: message-id="2"
<INFO> 6-Nov-2016::19:48:15.891 secu confd[81016]: netconf id=12 sending rpc-reply, attrs: message-id="2"
<INFO> 6-Nov-2016::19:48:20.257 secu confd[81016]: netconf id=13 new ssh session for user "admin" from 10.0.0.101
<INFO> 6-Nov-2016::19:48:20.265 secu confd[81016]: netconf id=13 got rpc: {urn:ietf:params:xml:ns:netconf:base:1.0}edit-config attrs: message-id="1"
<INFO> 6-Nov-2016::19:48:20.300 secu confd[81016]: netconf id=13 edit-config target=running attrs: message-id="1"
<INFO> 6-Nov-2016::19:48:20.317 secu confd[81016]: netconf id=13 sending rpc-reply, attrs: message-id="1"
<INFO> 6-Nov-2016::19:48:20.319 secu confd[81016]: netconf id=13 close-session attrs: message-id="2"
<INFO> 6-Nov-2016::19:48:20.319 secu confd[81016]: netconf id=13 sending rpc-reply, attrs: message-id="2"
<INFO> 6-Nov-2016::19:52:16.859 secu confd[81016]: netconf id=14 new ssh session for user "admin" from 10.0.0.101
<INFO> 6-Nov-2016::19:52:16.866 secu confd[81016]: netconf id=14 got rpc: {urn:ietf:params:xml:ns:netconf:base:1.0}edit-config attrs: message-id="1"
<INFO> 6-Nov-2016::19:52:16.891 secu confd[81016]: netconf id=14 edit-config target=running attrs: message-id="1"
<INFO> 6-Nov-2016::19:52:16.914 secu confd[81016]: netconf id=14 sending rpc-reply, attrs: message-id="1"
<INFO> 6-Nov-2016::19:52:16.915 secu confd[81016]: netconf id=14 close-session attrs: message-id="2"
<INFO> 6-Nov-2016::19:52:16.916 secu confd[81016]: netconf id=14 sending rpc-reply, attrs: message-id="2"
<INFO> 6-Nov-2016::19:53:16.265 secu confd[81016]: netconf id=15 new ssh session for user "admin" from 10.0.0.101
<INFO> 6-Nov-2016::19:53:16.272 secu confd[81016]: netconf id=15 got rpc: {urn:ietf:params:xml:ns:netconf:base:1.0}edit-config attrs: message-id="1"
<INFO> 6-Nov-2016::19:53:16.292 secu confd[81016]: netconf id=15 edit-config target=running attrs: message-id="1"
<INFO> 6-Nov-2016::19:53:16.310 secu confd[81016]: netconf id=15 sending rpc-reply, attrs: message-id="1"
<INFO> 6-Nov-2016::19:53:16.314 secu confd[81016]: netconf id=15 close-session attrs: message-id="2"
<INFO> 6-Nov-2016::19:53:16.314 secu confd[81016]: netconf id=15 sending rpc-reply, attrs: message-id="2"
<INFO> 6-Nov-2016::19:55:02.955 secu confd[82908]: netconf id=12 new ssh session for user "admin" from 10.0.0.101
<INFO> 6-Nov-2016::19:55:02.976 secu confd[82908]: netconf id=12 got rpc: {urn:ietf:params:xml:ns:netconf:base:1.0}edit-config attrs: message-id="1"
<INFO> 6-Nov-2016::19:55:03.010 secu confd[82908]: netconf id=12 edit-config target=running attrs: message-id="1"
<INFO> 6-Nov-2016::19:55:03.154 secu confd[82908]: netconf id=12 sending rpc-reply, attrs: message-id="1"
<INFO> 6-Nov-2016::19:55:03.158 secu confd[82908]: netconf id=12 close-session attrs: message-id="2"
<INFO> 6-Nov-2016::19:55:03.159 secu confd[82908]: netconf id=12 sending rpc-reply, attrs: message-id="2"
<INFO> 6-Nov-2016::19:55:08.378 secu confd[82908]: netconf id=13 new ssh session for user "admin" from 10.0.0.101
<INFO> 6-Nov-2016::19:55:08.381 secu confd[82908]: netconf id=13 got rpc: {urn:ietf:params:xml:ns:netconf:base:1.0}edit-config attrs: message-id="1"
<INFO> 6-Nov-2016::19:55:08.398 secu confd[82908]: netconf id=13 edit-config target=running attrs: message-id="1"
<INFO> 6-Nov-2016::19:55:08.419 secu confd[82908]: netconf id=13 sending rpc-reply, attrs: message-id="1"
<INFO> 6-Nov-2016::19:55:08.421 secu confd[82908]: netconf id=13 close-session attrs: message-id="2"
<INFO> 6-Nov-2016::19:55:08.421 secu confd[82908]: netconf id=13 sending rpc-reply, attrs: message-id="2"
<INFO> 6-Nov-2016::20:04:59.632 secu confd[84788]: netconf id=12 new ssh session for user "admin" from 10.0.0.101
<INFO> 6-Nov-2016::20:04:59.674 secu confd[84788]: netconf id=12 got rpc: {urn:ietf:params:xml:ns:netconf:base:1.0}edit-config attrs: message-id="1"
<INFO> 6-Nov-2016::20:04:59.727 secu confd[84788]: netconf id=12 edit-config target=running attrs: message-id="1"
<INFO> 6-Nov-2016::20:04:59.774 secu confd[84788]: netconf id=12 sending rpc-reply, attrs: message-id="1"
<INFO> 6-Nov-2016::20:04:59.776 secu confd[84788]: netconf id=12 close-session attrs: message-id="2"
<INFO> 6-Nov-2016::20:04:59.776 secu confd[84788]: netconf id=12 sending rpc-reply, attrs: message-id="2"
<INFO> 6-Nov-2016::20:05:04.814 secu confd[84788]: netconf id=13 new ssh session for user "admin" from 10.0.0.101
<INFO> 6-Nov-2016::20:05:04.822 secu confd[84788]: netconf id=13 got rpc: {urn:ietf:params:xml:ns:netconf:base:1.0}edit-config attrs: message-id="1"
<INFO> 6-Nov-2016::20:05:04.862 secu confd[84788]: netconf id=13 edit-config target=running attrs: message-id="1"
<INFO> 6-Nov-2016::20:05:04.908 secu confd[84788]: netconf id=13 sending rpc-reply, attrs: message-id="1"
<INFO> 6-Nov-2016::20:05:04.910 secu confd[84788]: netconf id=13 close-session attrs: message-id="2"
<INFO> 6-Nov-2016::20:05:04.910 secu confd[84788]: netconf id=13 sending rpc-reply, attrs: message-id="2"
<INFO> 6-Nov-2016::20:07:01.035 secu confd[86449]: netconf id=12 new ssh session for user "admin" from 10.0.0.101
<INFO> 6-Nov-2016::20:07:01.070 secu confd[86449]: netconf id=12 got rpc: {urn:ietf:params:xml:ns:netconf:base:1.0}edit-config attrs: message-id="1"
<INFO> 6-Nov-2016::20:07:01.108 secu confd[86449]: netconf id=12 edit-config target=running attrs: message-id="1"
<INFO> 6-Nov-2016::20:07:01.171 secu confd[86449]: netconf id=12 sending rpc-reply, attrs: message-id="1"
<INFO> 6-Nov-2016::20:07:01.173 secu confd[86449]: netconf id=12 close-session attrs: message-id="2"
<INFO> 6-Nov-2016::20:07:01.174 secu confd[86449]: netconf id=12 sending rpc-reply, attrs: message-id="2"
<INFO> 6-Nov-2016::20:07:04.135 secu confd[86449]: netconf id=13 new ssh session for user "admin" from 10.0.0.101
<INFO> 6-Nov-2016::20:07:04.143 secu confd[86449]: netconf id=13 got rpc: {urn:ietf:params:xml:ns:netconf:base:1.0}edit-config attrs: message-id="1"
<INFO> 6-Nov-2016::20:07:04.176 secu confd[86449]: netconf id=13 edit-config target=running attrs: message-id="1"
<INFO> 6-Nov-2016::20:07:04.202 secu confd[86449]: netconf id=13 sending rpc-reply, attrs: message-id="1"
<INFO> 6-Nov-2016::20:07:04.204 secu confd[86449]: netconf id=13 close-session attrs: message-id="2"
<INFO> 6-Nov-2016::20:07:04.205 secu confd[86449]: netconf id=13 sending rpc-reply, attrs: message-id="2"
<INFO> 7-Nov-2016::16:35:38.884 secu confd[8997]: netconf id=12 new ssh session for user "admin" from 10.0.0.2
<INFO> 7-Nov-2016::16:35:38.955 secu confd[8997]: netconf id=12 got rpc: {urn:ietf:params:xml:ns:netconf:base:1.0}edit-config attrs: message-id="1"
<INFO> 7-Nov-2016::16:35:39.037 secu confd[8997]: netconf id=12 edit-config target=running attrs: message-id="1"
<INFO> 7-Nov-2016::16:35:39.172 secu confd[8997]: netconf id=12 sending rpc-reply, attrs: message-id="1"
<INFO> 7-Nov-2016::16:35:39.176 secu confd[8997]: netconf id=12 close-session attrs: message-id="2"
<INFO> 7-Nov-2016::16:35:39.176 secu confd[8997]: netconf id=12 sending rpc-reply, attrs: message-id="2"
<INFO> 7-Nov-2016::16:38:46.174 secu confd[10827]: netconf id=12 new ssh session for user "admin" from 10.0.0.2
<INFO> 7-Nov-2016::16:38:46.206 secu confd[10827]: netconf id=12 got rpc: {urn:ietf:params:xml:ns:netconf:base:1.0}edit-config attrs: message-id="1"
<INFO> 7-Nov-2016::16:38:46.232 secu confd[10827]: netconf id=12 edit-config target=running attrs: message-id="1"
<INFO> 7-Nov-2016::16:38:46.276 secu confd[10827]: netconf id=12 sending rpc-reply, attrs: message-id="1"
<INFO> 7-Nov-2016::16:38:46.280 secu confd[10827]: netconf id=12 close-session attrs: message-id="2"
<INFO> 7-Nov-2016::16:38:46.281 secu confd[10827]: netconf id=12 sending rpc-reply, attrs: message-id="2"
<INFO> 7-Nov-2016::16:47:04.014 secu confd[12737]: netconf id=12 new ssh session for user "admin" from 10.0.0.2
<INFO> 7-Nov-2016::16:47:04.054 secu confd[12737]: netconf id=12 got rpc: {urn:ietf:params:xml:ns:netconf:base:1.0}edit-config attrs: message-id="1"
<INFO> 7-Nov-2016::16:47:04.107 secu confd[12737]: netconf id=12 edit-config target=running attrs: message-id="1"
<INFO> 7-Nov-2016::16:47:04.198 secu confd[12737]: netconf id=12 sending rpc-reply, attrs: message-id="1"
<INFO> 7-Nov-2016::16:47:04.202 secu confd[12737]: netconf id=12 close-session attrs: message-id="2"
<INFO> 7-Nov-2016::16:47:04.204 secu confd[12737]: netconf id=12 sending rpc-reply, attrs: message-id="2"
<INFO> 7-Nov-2016::16:51:01.833 secu confd[13075]: netconf id=12 new ssh session for user "admin" from 10.0.0.2
<INFO> 7-Nov-2016::16:51:01.883 secu confd[13075]: netconf id=12 got rpc: {urn:ietf:params:xml:ns:netconf:base:1.0}edit-config attrs: message-id="1"
<INFO> 7-Nov-2016::16:51:01.929 secu confd[13075]: netconf id=12 edit-config target=running attrs: message-id="1"
<INFO> 7-Nov-2016::16:51:02.003 secu confd[13075]: netconf id=12 sending rpc-reply, attrs: message-id="1"
<INFO> 7-Nov-2016::16:51:02.007 secu confd[13075]: netconf id=12 close-session attrs: message-id="2"
<INFO> 7-Nov-2016::16:51:02.008 secu confd[13075]: netconf id=12 sending rpc-reply, attrs: message-id="2"
<INFO> 7-Nov-2016::17:05:16.815 secu confd[15115]: netconf id=12 new ssh session for user "admin" from 10.0.0.2
<INFO> 7-Nov-2016::17:05:16.861 secu confd[15115]: netconf id=12 got rpc: {urn:ietf:params:xml:ns:netconf:base:1.0}edit-config attrs: message-id="1"
<INFO> 7-Nov-2016::17:05:16.908 secu confd[15115]: netconf id=12 edit-config target=running attrs: message-id="1"
<INFO> 7-Nov-2016::17:05:16.969 secu confd[15115]: netconf id=12 sending rpc-reply, attrs: message-id="1"
<INFO> 7-Nov-2016::17:05:16.973 secu confd[15115]: netconf id=12 close-session attrs: message-id="2"
<INFO> 7-Nov-2016::17:05:16.973 secu confd[15115]: netconf id=12 sending rpc-reply, attrs: message-id="2"
<INFO> 9-Nov-2016::07:13:56.026 secu confd[4306]: netconf id=12 new ssh session for user "admin" from 10.0.0.101
<INFO> 9-Nov-2016::07:13:56.063 secu confd[4306]: netconf id=12 got rpc: {urn:ietf:params:xml:ns:netconf:base:1.0}edit-config attrs: message-id="1"
<INFO> 9-Nov-2016::07:13:56.082 secu confd[4306]: netconf id=12 unknown element: /rpc/edit-config/config/dpi:policy/dpi:voip-volte-rule/dpi:condition/sip_uri
<INFO> 9-Nov-2016::07:13:56.082 secu confd[4306]: netconf id=12 sending rpc-reply, attrs: message-id="1"
<INFO> 9-Nov-2016::07:13:56.086 secu confd[4306]: netconf id=12 close-session attrs: message-id="2"
<INFO> 9-Nov-2016::07:13:56.087 secu confd[4306]: netconf id=12 sending rpc-reply, attrs: message-id="2"
<INFO> 9-Nov-2016::07:26:29.305 secu confd[4744]: netconf id=12 new ssh session for user "admin" from 10.0.0.101
<INFO> 9-Nov-2016::07:26:29.323 secu confd[4744]: netconf id=12 got rpc: {urn:ietf:params:xml:ns:netconf:base:1.0}edit-config attrs: message-id="1"
<INFO> 9-Nov-2016::07:26:29.348 secu confd[4744]: netconf id=12 edit-config target=running attrs: message-id="1"
<INFO> 9-Nov-2016::07:26:29.388 secu confd[4744]: netconf id=12 sending rpc-reply, attrs: message-id="1"
<INFO> 9-Nov-2016::07:26:29.391 secu confd[4744]: netconf id=12 close-session attrs: message-id="2"
<INFO> 9-Nov-2016::07:26:29.391 secu confd[4744]: netconf id=12 sending rpc-reply, attrs: message-id="2"
<INFO> 9-Nov-2016::07:28:52.703 secu confd[6701]: netconf id=12 new ssh session for user "admin" from 10.0.0.101
<INFO> 9-Nov-2016::07:28:52.721 secu confd[6701]: netconf id=12 got rpc: {urn:ietf:params:xml:ns:netconf:base:1.0}edit-config attrs: message-id="1"
<INFO> 9-Nov-2016::07:28:52.746 secu confd[6701]: netconf id=12 edit-config target=running attrs: message-id="1"
<INFO> 9-Nov-2016::07:28:52.786 secu confd[6701]: netconf id=12 sending rpc-reply, attrs: message-id="1"
<INFO> 9-Nov-2016::07:28:52.787 secu confd[6701]: netconf id=12 close-session attrs: message-id="2"
<INFO> 9-Nov-2016::07:28:52.788 secu confd[6701]: netconf id=12 sending rpc-reply, attrs: message-id="2"
<INFO> 9-Nov-2016::07:29:43.833 secu confd[6701]: netconf id=13 new ssh session for user "admin" from 10.0.0.101
<INFO> 9-Nov-2016::07:29:43.836 secu confd[6701]: netconf id=13 got rpc: {urn:ietf:params:xml:ns:netconf:base:1.0}edit-config attrs: message-id="1"
<INFO> 9-Nov-2016::07:29:43.852 secu confd[6701]: netconf id=13 edit-config target=running attrs: message-id="1"
<INFO> 9-Nov-2016::07:29:43.870 secu confd[6701]: netconf id=13 sending rpc-reply, attrs: message-id="1"
<INFO> 9-Nov-2016::07:29:43.871 secu confd[6701]: netconf id=13 close-session attrs: message-id="2"
<INFO> 9-Nov-2016::07:29:43.872 secu confd[6701]: netconf id=13 sending rpc-reply, attrs: message-id="2"
<INFO> 9-Nov-2016::07:32:40.231 secu confd[8617]: netconf id=12 new ssh session for user "admin" from 10.0.0.101
<INFO> 9-Nov-2016::07:32:40.247 secu confd[8617]: netconf id=12 got rpc: {urn:ietf:params:xml:ns:netconf:base:1.0}edit-config attrs: message-id="1"
<INFO> 9-Nov-2016::07:32:40.268 secu confd[8617]: netconf id=12 edit-config target=running attrs: message-id="1"
<INFO> 9-Nov-2016::07:32:40.304 secu confd[8617]: netconf id=12 sending rpc-reply, attrs: message-id="1"
<INFO> 9-Nov-2016::07:32:40.306 secu confd[8617]: netconf id=12 close-session attrs: message-id="2"
<INFO> 9-Nov-2016::07:32:40.306 secu confd[8617]: netconf id=12 sending rpc-reply, attrs: message-id="2"
<INFO> 9-Nov-2016::07:36:28.726 secu confd[9109]: netconf id=12 new ssh session for user "admin" from 10.0.0.101
<INFO> 9-Nov-2016::07:36:28.742 secu confd[9109]: netconf id=12 got rpc: {urn:ietf:params:xml:ns:netconf:base:1.0}edit-config attrs: message-id="1"
<INFO> 9-Nov-2016::07:36:28.768 secu confd[9109]: netconf id=12 edit-config target=running attrs: message-id="1"
<INFO> 9-Nov-2016::07:36:28.804 secu confd[9109]: netconf id=12 sending rpc-reply, attrs: message-id="1"
<INFO> 9-Nov-2016::07:36:28.809 secu confd[9109]: netconf id=12 close-session attrs: message-id="2"
<INFO> 9-Nov-2016::07:36:28.809 secu confd[9109]: netconf id=12 sending rpc-reply, attrs: message-id="2"
<INFO> 9-Nov-2016::07:36:40.779 secu confd[9109]: netconf id=13 new ssh session for user "admin" from 10.0.0.101
<INFO> 9-Nov-2016::07:36:40.782 secu confd[9109]: netconf id=13 got rpc: {urn:ietf:params:xml:ns:netconf:base:1.0}edit-config attrs: message-id="1"
<INFO> 9-Nov-2016::07:36:40.803 secu confd[9109]: netconf id=13 edit-config target=running attrs: message-id="1"
<INFO> 9-Nov-2016::07:36:40.827 secu confd[9109]: netconf id=13 sending rpc-reply, attrs: message-id="1"
<INFO> 9-Nov-2016::07:36:40.830 secu confd[9109]: netconf id=13 close-session attrs: message-id="2"
<INFO> 9-Nov-2016::07:36:40.831 secu confd[9109]: netconf id=13 sending rpc-reply, attrs: message-id="2"
<INFO> 9-Nov-2016::07:39:25.920 secu confd[9109]: netconf id=14 new ssh session for user "admin" from 10.0.0.101
<INFO> 9-Nov-2016::07:39:25.923 secu confd[9109]: netconf id=14 got rpc: {urn:ietf:params:xml:ns:netconf:base:1.0}edit-config attrs: message-id="1"
<INFO> 9-Nov-2016::07:39:25.939 secu confd[9109]: netconf id=14 edit-config target=running attrs: message-id="1"
<INFO> 9-Nov-2016::07:39:25.960 secu confd[9109]: netconf id=14 sending rpc-reply, attrs: message-id="1"
<INFO> 9-Nov-2016::07:39:25.961 secu confd[9109]: netconf id=14 close-session attrs: message-id="2"
<INFO> 9-Nov-2016::07:39:25.962 secu confd[9109]: netconf id=14 sending rpc-reply, attrs: message-id="2"
<INFO> 9-Nov-2016::07:42:05.941 secu confd[11193]: netconf id=12 new ssh session for user "admin" from 10.0.0.101
<INFO> 9-Nov-2016::07:42:05.957 secu confd[11193]: netconf id=12 got rpc: {urn:ietf:params:xml:ns:netconf:base:1.0}edit-config attrs: message-id="1"
<INFO> 9-Nov-2016::07:42:05.984 secu confd[11193]: netconf id=12 edit-config target=running attrs: message-id="1"
<INFO> 9-Nov-2016::07:42:06.026 secu confd[11193]: netconf id=12 sending rpc-reply, attrs: message-id="1"
<INFO> 9-Nov-2016::07:42:06.028 secu confd[11193]: netconf id=12 close-session attrs: message-id="2"
<INFO> 9-Nov-2016::07:42:06.029 secu confd[11193]: netconf id=12 sending rpc-reply, attrs: message-id="2"
<INFO> 9-Nov-2016::07:44:12.189 secu confd[11322]: netconf id=12 new ssh session for user "admin" from 10.0.0.101
<INFO> 9-Nov-2016::07:44:12.206 secu confd[11322]: netconf id=12 got rpc: {urn:ietf:params:xml:ns:netconf:base:1.0}edit-config attrs: message-id="1"
<INFO> 9-Nov-2016::07:44:12.232 secu confd[11322]: netconf id=12 edit-config target=running attrs: message-id="1"
<INFO> 9-Nov-2016::07:44:12.271 secu confd[11322]: netconf id=12 sending rpc-reply, attrs: message-id="1"
<INFO> 9-Nov-2016::07:44:12.273 secu confd[11322]: netconf id=12 close-session attrs: message-id="2"
<INFO> 9-Nov-2016::07:44:12.273 secu confd[11322]: netconf id=12 sending rpc-reply, attrs: message-id="2"
<INFO> 9-Nov-2016::07:48:46.013 secu confd[12828]: netconf id=12 new ssh session for user "admin" from 10.0.0.101
<INFO> 9-Nov-2016::07:48:46.030 secu confd[12828]: netconf id=12 got rpc: {urn:ietf:params:xml:ns:netconf:base:1.0}edit-config attrs: message-id="1"
<INFO> 9-Nov-2016::07:48:46.058 secu confd[12828]: netconf id=12 edit-config target=running attrs: message-id="1"
<INFO> 9-Nov-2016::07:48:46.109 secu confd[12828]: netconf id=12 sending rpc-reply, attrs: message-id="1"
<INFO> 9-Nov-2016::07:48:46.110 secu confd[12828]: netconf id=12 close-session attrs: message-id="2"
<INFO> 9-Nov-2016::07:48:46.110 secu confd[12828]: netconf id=12 sending rpc-reply, attrs: message-id="2"
<INFO> 9-Nov-2016::07:51:18.326 secu confd[12828]: netconf id=13 new ssh session for user "admin" from 10.0.0.101
<INFO> 9-Nov-2016::07:51:18.331 secu confd[12828]: netconf id=13 got rpc: {urn:ietf:params:xml:ns:netconf:base:1.0}edit-config attrs: message-id="1"
<INFO> 9-Nov-2016::07:51:18.350 secu confd[12828]: netconf id=13 edit-config target=running attrs: message-id="1"
<INFO> 9-Nov-2016::07:51:18.370 secu confd[12828]: netconf id=13 sending rpc-reply, attrs: message-id="1"
<INFO> 9-Nov-2016::07:51:18.371 secu confd[12828]: netconf id=13 close-session attrs: message-id="2"
<INFO> 9-Nov-2016::07:51:18.371 secu confd[12828]: netconf id=13 sending rpc-reply, attrs: message-id="2"
<INFO> 9-Nov-2016::07:51:58.463 secu confd[12828]: netconf id=14 new ssh session for user "admin" from 10.0.0.101
<INFO> 9-Nov-2016::07:51:58.467 secu confd[12828]: netconf id=14 got rpc: {urn:ietf:params:xml:ns:netconf:base:1.0}edit-config attrs: message-id="1"
<INFO> 9-Nov-2016::07:51:58.482 secu confd[12828]: netconf id=14 edit-config target=running attrs: message-id="1"
<INFO> 9-Nov-2016::07:51:58.502 secu confd[12828]: netconf id=14 sending rpc-reply, attrs: message-id="1"
<INFO> 9-Nov-2016::07:51:58.503 secu confd[12828]: netconf id=14 close-session attrs: message-id="2"
<INFO> 9-Nov-2016::07:51:58.503 secu confd[12828]: netconf id=14 sending rpc-reply, attrs: message-id="2"
<INFO> 9-Nov-2016::07:56:28.963 secu confd[14842]: netconf id=12 new ssh session for user "admin" from 10.0.0.101
<INFO> 9-Nov-2016::07:56:28.980 secu confd[14842]: netconf id=12 got rpc: {urn:ietf:params:xml:ns:netconf:base:1.0}edit-config attrs: message-id="1"
<INFO> 9-Nov-2016::07:56:29.002 secu confd[14842]: netconf id=12 edit-config target=running attrs: message-id="1"
<INFO> 9-Nov-2016::07:56:29.039 secu confd[14842]: netconf id=12 sending rpc-reply, attrs: message-id="1"
<INFO> 9-Nov-2016::07:56:29.041 secu confd[14842]: netconf id=12 close-session attrs: message-id="2"
<INFO> 9-Nov-2016::07:56:29.041 secu confd[14842]: netconf id=12 sending rpc-reply, attrs: message-id="2"
<INFO> 9-Nov-2016::08:09:26.362 secu confd[17526]: netconf id=12 new ssh session for user "admin" from 10.0.0.101
<INFO> 9-Nov-2016::08:09:26.379 secu confd[17526]: netconf id=12 got rpc: {urn:ietf:params:xml:ns:netconf:base:1.0}edit-config attrs: message-id="1"
<INFO> 9-Nov-2016::08:09:26.402 secu confd[17526]: netconf id=12 edit-config target=running attrs: message-id="1"
<INFO> 9-Nov-2016::08:09:26.453 secu confd[17526]: netconf id=12 sending rpc-reply, attrs: message-id="1"
<INFO> 9-Nov-2016::08:09:26.455 secu confd[17526]: netconf id=12 close-session attrs: message-id="2"
<INFO> 9-Nov-2016::08:09:26.455 secu confd[17526]: netconf id=12 sending rpc-reply, attrs: message-id="2"
<INFO> 9-Nov-2016::08:09:50.181 secu confd[17526]: netconf id=13 new ssh session for user "admin" from 10.0.0.101
<INFO> 9-Nov-2016::08:09:50.184 secu confd[17526]: netconf id=13 got rpc: {urn:ietf:params:xml:ns:netconf:base:1.0}edit-config attrs: message-id="1"
<INFO> 9-Nov-2016::08:09:50.199 secu confd[17526]: netconf id=13 edit-config target=running attrs: message-id="1"
<INFO> 9-Nov-2016::08:09:50.247 secu confd[17526]: netconf id=13 sending rpc-reply, attrs: message-id="1"
<INFO> 9-Nov-2016::08:09:50.248 secu confd[17526]: netconf id=13 close-session attrs: message-id="2"
<INFO> 9-Nov-2016::08:09:50.248 secu confd[17526]: netconf id=13 sending rpc-reply, attrs: message-id="2"
<INFO> 9-Nov-2016::08:10:19.745 secu confd[17526]: netconf id=14 new ssh session for user "admin" from 10.0.0.101
<INFO> 9-Nov-2016::08:10:19.749 secu confd[17526]: netconf id=14 got rpc: {urn:ietf:params:xml:ns:netconf:base:1.0}edit-config attrs: message-id="1"
<INFO> 9-Nov-2016::08:10:19.764 secu confd[17526]: netconf id=14 edit-config target=running attrs: message-id="1"
<INFO> 9-Nov-2016::08:10:19.783 secu confd[17526]: netconf id=14 sending rpc-reply, attrs: message-id="1"
<INFO> 9-Nov-2016::08:10:19.784 secu confd[17526]: netconf id=14 close-session attrs: message-id="2"
<INFO> 9-Nov-2016::08:10:19.784 secu confd[17526]: netconf id=14 sending rpc-reply, attrs: message-id="2"
<INFO> 9-Nov-2016::09:50:39.149 secu confd[22262]: netconf id=12 new ssh session for user "admin" from 10.0.0.101
<INFO> 9-Nov-2016::09:50:39.182 secu confd[22262]: netconf id=12 got rpc: {urn:ietf:params:xml:ns:netconf:base:1.0}edit-config attrs: message-id="1"
<INFO> 9-Nov-2016::09:50:39.244 secu confd[22262]: netconf id=12 edit-config target=running attrs: message-id="1"
<INFO> 9-Nov-2016::09:50:39.345 secu confd[22262]: netconf id=12 sending rpc-reply, attrs: message-id="1"
<INFO> 9-Nov-2016::09:50:39.351 secu confd[22262]: netconf id=12 close-session attrs: message-id="2"
<INFO> 9-Nov-2016::09:50:39.352 secu confd[22262]: netconf id=12 sending rpc-reply, attrs: message-id="2"
<INFO> 9-Nov-2016::09:52:26.176 secu confd[22262]: netconf id=13 new ssh session for user "admin" from 10.0.0.101
<INFO> 9-Nov-2016::09:52:26.181 secu confd[22262]: netconf id=13 got rpc: {urn:ietf:params:xml:ns:netconf:base:1.0}edit-config attrs: message-id="1"
<INFO> 9-Nov-2016::09:52:26.195 secu confd[22262]: netconf id=13 edit-config target=running attrs: message-id="1"
<INFO> 9-Nov-2016::09:52:26.212 secu confd[22262]: netconf id=13 sending rpc-reply, attrs: message-id="1"
<INFO> 9-Nov-2016::09:52:26.214 secu confd[22262]: netconf id=13 close-session attrs: message-id="2"
<INFO> 9-Nov-2016::09:52:26.214 secu confd[22262]: netconf id=13 sending rpc-reply, attrs: message-id="2"
<INFO> 9-Nov-2016::09:54:19.919 secu confd[22262]: netconf id=14 new ssh session for user "admin" from 10.0.0.101
<INFO> 9-Nov-2016::09:54:19.927 secu confd[22262]: netconf id=14 got rpc: {urn:ietf:params:xml:ns:netconf:base:1.0}edit-config attrs: message-id="1"
<INFO> 9-Nov-2016::09:54:19.948 secu confd[22262]: netconf id=14 edit-config target=running attrs: message-id="1"
<INFO> 9-Nov-2016::09:54:19.968 secu confd[22262]: netconf id=14 sending rpc-reply, attrs: message-id="1"
<INFO> 9-Nov-2016::09:54:19.969 secu confd[22262]: netconf id=14 close-session attrs: message-id="2"
<INFO> 9-Nov-2016::09:54:19.970 secu confd[22262]: netconf id=14 sending rpc-reply, attrs: message-id="2"
<INFO> 9-Nov-2016::10:13:50.978 secu confd[22262]: netconf id=15 new ssh session for user "admin" from 10.0.0.101
<INFO> 9-Nov-2016::10:13:50.985 secu confd[22262]: netconf id=15 got rpc: {urn:ietf:params:xml:ns:netconf:base:1.0}edit-config attrs: message-id="1"
<INFO> 9-Nov-2016::10:13:51.002 secu confd[22262]: netconf id=15 edit-config target=running attrs: message-id="1"
<INFO> 9-Nov-2016::10:13:51.025 secu confd[22262]: netconf id=15 sending rpc-reply, attrs: message-id="1"
<INFO> 9-Nov-2016::10:13:51.028 secu confd[22262]: netconf id=15 close-session attrs: message-id="2"
<INFO> 9-Nov-2016::10:13:51.028 secu confd[22262]: netconf id=15 sending rpc-reply, attrs: message-id="2"
<INFO> 9-Nov-2016::12:19:18.199 secu confd[26649]: netconf id=12 new ssh session for user "admin" from 10.0.0.101
<INFO> 9-Nov-2016::12:19:18.218 secu confd[26649]: netconf id=12 got rpc: {urn:ietf:params:xml:ns:netconf:base:1.0}edit-config attrs: message-id="1"
<INFO> 9-Nov-2016::12:19:18.242 secu confd[26649]: netconf id=12 edit-config target=running attrs: message-id="1"
<INFO> 9-Nov-2016::12:19:18.302 secu confd[26649]: netconf id=12 sending rpc-reply, attrs: message-id="1"
<INFO> 9-Nov-2016::12:19:18.304 secu confd[26649]: netconf id=12 close-session attrs: message-id="2"
<INFO> 9-Nov-2016::12:19:18.304 secu confd[26649]: netconf id=12 sending rpc-reply, attrs: message-id="2"
<INFO> 9-Nov-2016::12:21:54.286 secu confd[30282]: netconf id=12 new ssh session for user "admin" from 10.0.0.101
<INFO> 9-Nov-2016::12:21:54.302 secu confd[30282]: netconf id=12 got rpc: {urn:ietf:params:xml:ns:netconf:base:1.0}edit-config attrs: message-id="1"
<INFO> 9-Nov-2016::12:21:54.325 secu confd[30282]: netconf id=12 edit-config target=running attrs: message-id="1"
<INFO> 9-Nov-2016::12:21:54.365 secu confd[30282]: netconf id=12 sending rpc-reply, attrs: message-id="1"
<INFO> 9-Nov-2016::12:21:54.367 secu confd[30282]: netconf id=12 close-session attrs: message-id="2"
<INFO> 9-Nov-2016::12:21:54.367 secu confd[30282]: netconf id=12 sending rpc-reply, attrs: message-id="2"
<INFO> 9-Nov-2016::12:57:31.250 secu confd[33609]: netconf id=12 new ssh session for user "admin" from 10.0.0.101
<INFO> 9-Nov-2016::12:57:31.267 secu confd[33609]: netconf id=12 got rpc: {urn:ietf:params:xml:ns:netconf:base:1.0}edit-config attrs: message-id="1"
<INFO> 9-Nov-2016::12:57:31.290 secu confd[33609]: netconf id=12 edit-config target=running attrs: message-id="1"
<INFO> 9-Nov-2016::12:57:31.346 secu confd[33609]: netconf id=12 sending rpc-reply, attrs: message-id="1"
<INFO> 9-Nov-2016::12:57:31.347 secu confd[33609]: netconf id=12 close-session attrs: message-id="2"
<INFO> 9-Nov-2016::12:57:31.348 secu confd[33609]: netconf id=12 sending rpc-reply, attrs: message-id="2"
<INFO> 9-Nov-2016::13:02:39.741 secu confd[33609]: netconf id=13 new ssh session for user "admin" from 10.0.0.101
<INFO> 9-Nov-2016::13:02:39.746 secu confd[33609]: netconf id=13 got rpc: {urn:ietf:params:xml:ns:netconf:base:1.0}edit-config attrs: message-id="1"
<INFO> 9-Nov-2016::13:02:39.761 secu confd[33609]: netconf id=13 edit-config target=running attrs: message-id="1"
<INFO> 9-Nov-2016::13:02:39.782 secu confd[33609]: netconf id=13 sending rpc-reply, attrs: message-id="1"
<INFO> 9-Nov-2016::13:02:39.784 secu confd[33609]: netconf id=13 close-session attrs: message-id="2"
<INFO> 9-Nov-2016::13:02:39.784 secu confd[33609]: netconf id=13 sending rpc-reply, attrs: message-id="2"
<INFO> 9-Nov-2016::13:05:53.657 secu confd[33609]: netconf id=14 new ssh session for user "admin" from 10.0.0.101
<INFO> 9-Nov-2016::13:05:53.662 secu confd[33609]: netconf id=14 got rpc: {urn:ietf:params:xml:ns:netconf:base:1.0}edit-config attrs: message-id="1"
<INFO> 9-Nov-2016::13:05:53.677 secu confd[33609]: netconf id=14 edit-config target=running attrs: message-id="1"
<INFO> 9-Nov-2016::13:05:53.696 secu confd[33609]: netconf id=14 sending rpc-reply, attrs: message-id="1"
<INFO> 9-Nov-2016::13:05:53.698 secu confd[33609]: netconf id=14 close-session attrs: message-id="2"
<INFO> 9-Nov-2016::13:05:53.698 secu confd[33609]: netconf id=14 sending rpc-reply, attrs: message-id="2"
<INFO> 11-Nov-2016::20:12:18.182 secu confd[10574]: netconf id=12 new ssh session for user "admin" from 10.0.0.101
<INFO> 11-Nov-2016::20:12:18.208 secu confd[10574]: netconf id=12 got rpc: {urn:ietf:params:xml:ns:netconf:base:1.0}edit-config attrs: message-id="1"
<INFO> 11-Nov-2016::20:12:18.238 secu confd[10574]: netconf id=12 edit-config target=running attrs: message-id="1"
<INFO> 11-Nov-2016::20:12:18.534 secu confd[10574]: netconf id=12 sending rpc-reply, attrs: message-id="1"
<INFO> 11-Nov-2016::20:12:18.538 secu confd[10574]: netconf id=12 close-session attrs: message-id="2"
<INFO> 11-Nov-2016::20:12:18.538 secu confd[10574]: netconf id=12 sending rpc-reply, attrs: message-id="2"
<INFO> 11-Nov-2016::20:20:57.569 secu confd[12642]: netconf id=12 new ssh session for user "admin" from 10.0.0.101
<INFO> 11-Nov-2016::20:20:57.587 secu confd[12642]: netconf id=12 got rpc: {urn:ietf:params:xml:ns:netconf:base:1.0}edit-config attrs: message-id="1"
<INFO> 11-Nov-2016::20:20:57.610 secu confd[12642]: netconf id=12 edit-config target=running attrs: message-id="1"
<INFO> 11-Nov-2016::20:20:57.659 secu confd[12642]: netconf id=12 sending rpc-reply, attrs: message-id="1"
<INFO> 11-Nov-2016::20:20:57.661 secu confd[12642]: netconf id=12 close-session attrs: message-id="2"
<INFO> 11-Nov-2016::20:20:57.661 secu confd[12642]: netconf id=12 sending rpc-reply, attrs: message-id="2"
<INFO> 11-Nov-2016::20:29:14.107 secu confd[14846]: netconf id=12 new ssh session for user "admin" from 10.0.0.101
<INFO> 11-Nov-2016::20:29:14.137 secu confd[14846]: netconf id=12 got rpc: {urn:ietf:params:xml:ns:netconf:base:1.0}edit-config attrs: message-id="1"
<INFO> 11-Nov-2016::20:29:14.159 secu confd[14846]: netconf id=12 edit-config target=running attrs: message-id="1"
<INFO> 11-Nov-2016::20:29:14.206 secu confd[14846]: netconf id=12 sending rpc-reply, attrs: message-id="1"
<INFO> 11-Nov-2016::20:29:14.207 secu confd[14846]: netconf id=12 close-session attrs: message-id="2"
<INFO> 11-Nov-2016::20:29:14.208 secu confd[14846]: netconf id=12 sending rpc-reply, attrs: message-id="2"
<INFO> 12-Nov-2016::16:11:46.769 secu confd[18347]: netconf id=12 new ssh session for user "admin" from 10.0.0.101
<INFO> 12-Nov-2016::16:11:46.786 secu confd[18347]: netconf id=12 got rpc: {urn:ietf:params:xml:ns:netconf:base:1.0}edit-config attrs: message-id="1"
<INFO> 12-Nov-2016::16:11:46.808 secu confd[18347]: netconf id=12 edit-config target=running attrs: message-id="1"
<INFO> 12-Nov-2016::16:11:46.850 secu confd[18347]: netconf id=12 sending rpc-reply, attrs: message-id="1"
<INFO> 12-Nov-2016::16:11:46.852 secu confd[18347]: netconf id=12 close-session attrs: message-id="2"
<INFO> 12-Nov-2016::16:11:46.852 secu confd[18347]: netconf id=12 sending rpc-reply, attrs: message-id="2"
<INFO> 12-Nov-2016::16:14:45.474 secu confd[18347]: netconf id=13 new ssh session for user "admin" from 10.0.0.101
<INFO> 12-Nov-2016::16:14:45.478 secu confd[18347]: netconf id=13 got rpc: {urn:ietf:params:xml:ns:netconf:base:1.0}edit-config attrs: message-id="1"
<INFO> 12-Nov-2016::16:14:45.500 secu confd[18347]: netconf id=13 edit-config target=running attrs: message-id="1"
<INFO> 12-Nov-2016::16:14:45.529 secu confd[18347]: netconf id=13 sending rpc-reply, attrs: message-id="1"
<INFO> 12-Nov-2016::16:14:45.530 secu confd[18347]: netconf id=13 close-session attrs: message-id="2"
<INFO> 12-Nov-2016::16:14:45.530 secu confd[18347]: netconf id=13 sending rpc-reply, attrs: message-id="2"
<INFO> 12-Nov-2016::16:15:20.353 secu confd[18347]: netconf id=14 new ssh session for user "admin" from 10.0.0.101
<INFO> 12-Nov-2016::16:15:20.356 secu confd[18347]: netconf id=14 got rpc: {urn:ietf:params:xml:ns:netconf:base:1.0}edit-config attrs: message-id="1"
<INFO> 12-Nov-2016::16:15:20.372 secu confd[18347]: netconf id=14 edit-config target=running attrs: message-id="1"
<INFO> 12-Nov-2016::16:15:20.396 secu confd[18347]: netconf id=14 sending rpc-reply, attrs: message-id="1"
<INFO> 12-Nov-2016::16:15:20.397 secu confd[18347]: netconf id=14 close-session attrs: message-id="2"
<INFO> 12-Nov-2016::16:15:20.397 secu confd[18347]: netconf id=14 sending rpc-reply, attrs: message-id="2"
<INFO> 12-Nov-2016::16:34:30.982 secu confd[23448]: netconf id=12 new ssh session for user "admin" from 10.0.0.101
<INFO> 12-Nov-2016::16:34:31.003 secu confd[23448]: netconf id=12 got rpc: {urn:ietf:params:xml:ns:netconf:base:1.0}edit-config attrs: message-id="1"
<INFO> 12-Nov-2016::16:34:31.030 secu confd[23448]: netconf id=12 edit-config target=running attrs: message-id="1"
<INFO> 12-Nov-2016::16:34:31.074 secu confd[23448]: netconf id=12 sending rpc-reply, attrs: message-id="1"
<INFO> 12-Nov-2016::16:34:31.075 secu confd[23448]: netconf id=12 close-session attrs: message-id="2"
<INFO> 12-Nov-2016::16:34:31.075 secu confd[23448]: netconf id=12 sending rpc-reply, attrs: message-id="2"
<INFO> 12-Nov-2016::16:35:40.803 secu confd[23448]: netconf id=13 new ssh session for user "admin" from 10.0.0.101
<INFO> 12-Nov-2016::16:35:40.810 secu confd[23448]: netconf id=13 got rpc: {urn:ietf:params:xml:ns:netconf:base:1.0}edit-config attrs: message-id="1"
<INFO> 12-Nov-2016::16:35:40.826 secu confd[23448]: netconf id=13 edit-config target=running attrs: message-id="1"
<INFO> 12-Nov-2016::16:35:40.852 secu confd[23448]: netconf id=13 sending rpc-reply, attrs: message-id="1"
<INFO> 12-Nov-2016::16:35:40.854 secu confd[23448]: netconf id=13 close-session attrs: message-id="2"
<INFO> 12-Nov-2016::16:35:40.854 secu confd[23448]: netconf id=13 sending rpc-reply, attrs: message-id="2"
<INFO> 12-Nov-2016::16:37:03.829 secu confd[23448]: netconf id=14 new ssh session for user "admin" from 10.0.0.101
<INFO> 12-Nov-2016::16:37:03.833 secu confd[23448]: netconf id=14 got rpc: {urn:ietf:params:xml:ns:netconf:base:1.0}edit-config attrs: message-id="1"
<INFO> 12-Nov-2016::16:37:03.848 secu confd[23448]: netconf id=14 edit-config target=running attrs: message-id="1"
<INFO> 12-Nov-2016::16:37:03.867 secu confd[23448]: netconf id=14 sending rpc-reply, attrs: message-id="1"
<INFO> 12-Nov-2016::16:37:03.869 secu confd[23448]: netconf id=14 close-session attrs: message-id="2"
<INFO> 12-Nov-2016::16:37:03.871 secu confd[23448]: netconf id=14 sending rpc-reply, attrs: message-id="2"
<INFO> 12-Nov-2016::17:45:49.992 secu confd[30055]: netconf id=12 new ssh session for user "admin" from 10.0.0.101
<INFO> 12-Nov-2016::17:45:50.012 secu confd[30055]: netconf id=12 got rpc: {urn:ietf:params:xml:ns:netconf:base:1.0}edit-config attrs: message-id="1"
<INFO> 12-Nov-2016::17:45:50.047 secu confd[30055]: netconf id=12 edit-config target=running attrs: message-id="1"
<INFO> 12-Nov-2016::17:45:50.097 secu confd[30055]: netconf id=12 sending rpc-reply, attrs: message-id="1"
<INFO> 12-Nov-2016::17:45:50.100 secu confd[30055]: netconf id=12 close-session attrs: message-id="2"
<INFO> 12-Nov-2016::17:45:50.101 secu confd[30055]: netconf id=12 sending rpc-reply, attrs: message-id="2"
<INFO> 12-Nov-2016::17:46:57.816 secu confd[30055]: netconf id=13 new ssh session for user "admin" from 10.0.0.101
<INFO> 12-Nov-2016::17:46:57.826 secu confd[30055]: netconf id=13 got rpc: {urn:ietf:params:xml:ns:netconf:base:1.0}edit-config attrs: message-id="1"
<INFO> 12-Nov-2016::17:46:57.841 secu confd[30055]: netconf id=13 edit-config target=running attrs: message-id="1"
<INFO> 12-Nov-2016::17:46:57.868 secu confd[30055]: netconf id=13 sending rpc-reply, attrs: message-id="1"
<INFO> 12-Nov-2016::17:46:57.869 secu confd[30055]: netconf id=13 close-session attrs: message-id="2"
<INFO> 12-Nov-2016::17:46:57.870 secu confd[30055]: netconf id=13 sending rpc-reply, attrs: message-id="2"
<INFO> 12-Nov-2016::17:48:16.746 secu confd[30055]: netconf id=14 new ssh session for user "admin" from 10.0.0.101
<INFO> 12-Nov-2016::17:48:16.752 secu confd[30055]: netconf id=14 got rpc: {urn:ietf:params:xml:ns:netconf:base:1.0}edit-config attrs: message-id="1"
<INFO> 12-Nov-2016::17:48:16.769 secu confd[30055]: netconf id=14 edit-config target=running attrs: message-id="1"
<INFO> 12-Nov-2016::17:48:16.795 secu confd[30055]: netconf id=14 sending rpc-reply, attrs: message-id="1"
<INFO> 12-Nov-2016::17:48:16.797 secu confd[30055]: netconf id=14 close-session attrs: message-id="2"
<INFO> 12-Nov-2016::17:48:16.797 secu confd[30055]: netconf id=14 sending rpc-reply, attrs: message-id="2"
<INFO> 13-Nov-2016::12:53:24.466 secu confd[13684]: netconf id=12 new ssh session for user "admin" from 10.0.0.101
<INFO> 13-Nov-2016::12:53:24.515 secu confd[13684]: netconf id=12 got rpc: {urn:ietf:params:xml:ns:netconf:base:1.0}edit-config attrs: message-id="1"
<INFO> 13-Nov-2016::12:53:24.577 secu confd[13684]: netconf id=12 edit-config target=running attrs: message-id="1"
<INFO> 13-Nov-2016::12:53:24.630 secu confd[13684]: netconf id=12 sending rpc-reply, attrs: message-id="1"
<INFO> 13-Nov-2016::12:53:24.632 secu confd[13684]: netconf id=12 close-session attrs: message-id="2"
<INFO> 13-Nov-2016::12:53:24.633 secu confd[13684]: netconf id=12 sending rpc-reply, attrs: message-id="2"
<INFO> 13-Nov-2016::12:54:11.624 secu confd[13684]: netconf id=13 new ssh session for user "admin" from 10.0.0.101
<INFO> 13-Nov-2016::12:54:11.630 secu confd[13684]: netconf id=13 got rpc: {urn:ietf:params:xml:ns:netconf:base:1.0}edit-config attrs: message-id="1"
<INFO> 13-Nov-2016::12:54:11.653 secu confd[13684]: netconf id=13 edit-config target=running attrs: message-id="1"
<INFO> 13-Nov-2016::12:54:11.689 secu confd[13684]: netconf id=13 sending rpc-reply, attrs: message-id="1"
<INFO> 13-Nov-2016::12:54:11.692 secu confd[13684]: netconf id=13 close-session attrs: message-id="2"
<INFO> 13-Nov-2016::12:54:11.693 secu confd[13684]: netconf id=13 sending rpc-reply, attrs: message-id="2"
<INFO> 13-Nov-2016::12:55:06.182 secu confd[13684]: netconf id=14 new ssh session for user "admin" from 10.0.0.101
<INFO> 13-Nov-2016::12:55:06.190 secu confd[13684]: netconf id=14 got rpc: {urn:ietf:params:xml:ns:netconf:base:1.0}edit-config attrs: message-id="1"
<INFO> 13-Nov-2016::12:55:06.208 secu confd[13684]: netconf id=14 edit-config target=running attrs: message-id="1"
<INFO> 13-Nov-2016::12:55:06.239 secu confd[13684]: netconf id=14 sending rpc-reply, attrs: message-id="1"
<INFO> 13-Nov-2016::12:55:06.243 secu confd[13684]: netconf id=14 close-session attrs: message-id="2"
<INFO> 13-Nov-2016::12:55:06.244 secu confd[13684]: netconf id=14 sending rpc-reply, attrs: message-id="2"
